#
# There is insufficient memory for the Java Runtime Environment to continue.
# Native memory allocation (malloc) failed to allocate 1089632 bytes. Error detail: Chunk::new
# Possible reasons:
#   The system is out of physical RAM or swap space
#   This process is running with CompressedOops enabled, and the Java Heap may be blocking the growth of the native heap
# Possible solutions:
#   Reduce memory load on the system
#   Increase physical memory or swap space
#   Check if swap backing store is full
#   Decrease Java heap size (-Xmx/-Xms)
#   Decrease number of Java threads
#   Decrease Java thread stack sizes (-Xss)
#   Set larger code cache with -XX:ReservedCodeCacheSize=
#   JVM is running with Unscaled Compressed Oops mode in which the Java heap is
#     placed in the first 4GB address space. The Java Heap base address is the
#     maximum limit for the native heap growth. Please use -XX:HeapBaseMinAddress
#     to set the Java Heap base and to place the Java Heap above 4GB virtual address.
# This output file may be truncated or incomplete.
#
#  Out of Memory Error (arena.cpp:191), pid=7008, tid=5328
#
# JRE version: OpenJDK Runtime Environment Corretto-17.0.18.9.1 (17.0.18+9) (build 17.0.18+9-LTS)
# Java VM: OpenJDK 64-Bit Server VM Corretto-17.0.18.9.1 (17.0.18+9-LTS, mixed mode, sharing, tiered, compressed oops, compressed class ptrs, g1 gc, windows-amd64)
# No core dump will be written. Minidumps are not enabled by default on client versions of Windows
#

---------------  S U M M A R Y ------------

Command Line: --add-opens=java.base/java.lang=ALL-UNNAMED --add-opens=java.base/java.lang.invoke=ALL-UNNAMED --add-opens=java.base/java.util=ALL-UNNAMED --add-opens=java.prefs/java.util.prefs=ALL-UNNAMED --add-exports=jdk.compiler/com.sun.tools.javac.api=ALL-UNNAMED --add-exports=jdk.compiler/com.sun.tools.javac.util=ALL-UNNAMED --add-opens=java.base/java.util=ALL-UNNAMED --add-opens=java.prefs/java.util.prefs=ALL-UNNAMED --add-opens=java.base/java.nio.charset=ALL-UNNAMED --add-opens=java.base/java.net=ALL-UNNAMED --add-opens=java.base/java.util.concurrent=ALL-UNNAMED --add-opens=java.base/java.util.concurrent.atomic=ALL-UNNAMED --add-opens=java.xml/javax.xml.namespace=ALL-UNNAMED --add-opens=java.base/java.time=ALL-UNNAMED -XX:MaxMetaspaceSize=384m -XX:+HeapDumpOnOutOfMemoryError -Xms256m -Xmx512m -Dfile.encoding=UTF-8 -Duser.country=RU -Duser.language=ru -Duser.variant -javaagent:C:\Users\Miha\.gradle\wrapper\dists\gradle-9.4.1-bin\arn2x92ynaizyzdaamcbpbhtj\gradle-9.4.1\lib\agents\gradle-instrumentation-agent-9.4.1.jar org.gradle.launcher.daemon.bootstrap.GradleDaemon 9.4.1

Host: Intel(R) Core(TM) i5-6600 CPU @ 3.30GHz, 4 cores, 15G,  Windows 10 , 64 bit Build 19041 (10.0.19041.5915)
Time: Wed Apr  8 16:16:44 2026  Windows 10 , 64 bit Build 19041 (10.0.19041.5915) elapsed time: 51.461225 seconds (0d 0h 0m 51s)

---------------  T H R E A D  ---------------

Current thread (0x0000022fa6d6f5b0):  JavaThread "C2 CompilerThread0" daemon [_thread_in_native, id=5328, stack(0x000000e135700000,0x000000e135800000)]


Current CompileTask:
C2:51461 10869 %     4       org.objectweb.asm.ClassReader::readCode @ 2187 (5117 bytes)

Stack: [0x000000e135700000,0x000000e135800000]
Native frames: (J=compiled Java code, j=interpreted, Vv=VM code, C=native code)
V  [jvm.dll+0x68b3f9]
V  [jvm.dll+0x841779]
V  [jvm.dll+0x8434e8]
V  [jvm.dll+0x843b73]
V  [jvm.dll+0x24ce4f]
V  [jvm.dll+0xaec76]
V  [jvm.dll+0xaf31c]
V  [jvm.dll+0x36e71e]
V  [jvm.dll+0x338975]
V  [jvm.dll+0x337dda]
V  [jvm.dll+0x21dda9]
V  [jvm.dll+0x21d1ec]
V  [jvm.dll+0x1a8c70]
V  [jvm.dll+0x22d9fb]
V  [jvm.dll+0x22bb86]
V  [jvm.dll+0x7f78db]
V  [jvm.dll+0x7f1cdc]
V  [jvm.dll+0x68a307]
C  [ucrtbase.dll+0x21bb2]
C  [KERNEL32.DLL+0x17374]
C  [ntdll.dll+0x4cc91]


---------------  P R O C E S S  ---------------

Threads class SMR info:
_java_thread_list=0x0000022fc4633e00, length=44, elements={
0x0000022f8c9fdee0, 0x0000022fa6d53b10, 0x0000022fa6d545e0, 0x0000022fa6d6af30,
0x0000022fa6d6d810, 0x0000022fa6d6e0e0, 0x0000022fa6d6e9b0, 0x0000022fa6d6f5b0,
0x0000022fa6d71f80, 0x0000022fc001a470, 0x0000022fa6d36d10, 0x0000022fc01c7340,
0x0000022fc0bf7720, 0x0000022fc0da7aa0, 0x0000022fc0017600, 0x0000022fc1564890,
0x0000022fc21f2aa0, 0x0000022fc21f2080, 0x0000022fc21f2fb0, 0x0000022fc21f4e10,
0x0000022fc21f34c0, 0x0000022fc21f3ee0, 0x0000022fc45e1fa0, 0x0000022fc45e1070,
0x0000022fc45e33e0, 0x0000022fc45e4310, 0x0000022fc45e7ac0, 0x0000022fc45e5750,
0x0000022fc45e0650, 0x0000022fc45e75b0, 0x0000022fc45e38f0, 0x0000022fc45e1580,
0x0000022fc45e4d30, 0x0000022fc45e1a90, 0x0000022fc45e5c60, 0x0000022fc45e0b60,
0x0000022fc45e3e00, 0x0000022fc45e4820, 0x0000022fc45e6b90, 0x0000022fc45e29c0,
0x0000022fc45e2ed0, 0x0000022fc45e7fd0, 0x0000022fc01c7820, 0x0000022fc45e6170
}

Java Threads: ( => current thread )
  0x0000022f8c9fdee0 JavaThread "main" [_thread_blocked, id=20332, stack(0x000000e134a00000,0x000000e134b00000)]
  0x0000022fa6d53b10 JavaThread "Reference Handler" daemon [_thread_blocked, id=12704, stack(0x000000e135100000,0x000000e135200000)]
  0x0000022fa6d545e0 JavaThread "Finalizer" daemon [_thread_blocked, id=15908, stack(0x000000e135200000,0x000000e135300000)]
  0x0000022fa6d6af30 JavaThread "Signal Dispatcher" daemon [_thread_blocked, id=4740, stack(0x000000e135300000,0x000000e135400000)]
  0x0000022fa6d6d810 JavaThread "Attach Listener" daemon [_thread_blocked, id=16036, stack(0x000000e135400000,0x000000e135500000)]
  0x0000022fa6d6e0e0 JavaThread "Service Thread" daemon [_thread_blocked, id=18068, stack(0x000000e135500000,0x000000e135600000)]
  0x0000022fa6d6e9b0 JavaThread "Monitor Deflation Thread" daemon [_thread_blocked, id=3840, stack(0x000000e135600000,0x000000e135700000)]
=>0x0000022fa6d6f5b0 JavaThread "C2 CompilerThread0" daemon [_thread_in_native, id=5328, stack(0x000000e135700000,0x000000e135800000)]
  0x0000022fa6d71f80 JavaThread "C1 CompilerThread0" daemon [_thread_blocked, id=20080, stack(0x000000e135800000,0x000000e135900000)]
  0x0000022fc001a470 JavaThread "Sweeper thread" daemon [_thread_blocked, id=3992, stack(0x000000e135900000,0x000000e135a00000)]
  0x0000022fa6d36d10 JavaThread "Common-Cleaner" daemon [_thread_blocked, id=16156, stack(0x000000e135a00000,0x000000e135b00000)]
  0x0000022fc01c7340 JavaThread "Notification Thread" daemon [_thread_blocked, id=13356, stack(0x000000e135b00000,0x000000e135c00000)]
  0x0000022fc0bf7720 JavaThread "Daemon health stats" [_thread_blocked, id=11132, stack(0x000000e136000000,0x000000e136100000)]
  0x0000022fc0da7aa0 JavaThread "Incoming local TCP Connector on port 61545" [_thread_in_native, id=1432, stack(0x000000e136100000,0x000000e136200000)]
  0x0000022fc0017600 JavaThread "Daemon periodic checks" [_thread_blocked, id=18348, stack(0x000000e136200000,0x000000e136300000)]
  0x0000022fc1564890 JavaThread "Daemon" [_thread_blocked, id=10416, stack(0x000000e136300000,0x000000e136400000)]
  0x0000022fc21f2aa0 JavaThread "Daemon worker" [_thread_in_vm, id=15472, stack(0x000000e136600000,0x000000e136700000)]
  0x0000022fc21f2080 JavaThread "Cache worker for journal cache (C:\Users\Miha\.gradle\caches\journal-1)" [_thread_blocked, id=15976, stack(0x000000e136a00000,0x000000e136b00000)]
  0x0000022fc21f2fb0 JavaThread "File lock request listener" [_thread_in_native, id=19508, stack(0x000000e136b00000,0x000000e136c00000)]
  0x0000022fc21f4e10 JavaThread "Cache worker for file hash cache (C:\Users\Miha\.gradle\caches\9.4.1\fileHashes)" [_thread_blocked, id=19156, stack(0x000000e136c00000,0x000000e136d00000)]
  0x0000022fc21f34c0 JavaThread "File watcher server" daemon [_thread_in_native, id=19328, stack(0x000000e137000000,0x000000e137100000)]
  0x0000022fc21f3ee0 JavaThread "File watcher consumer" daemon [_thread_blocked, id=3004, stack(0x000000e137100000,0x000000e137200000)]
  0x0000022fc45e1fa0 JavaThread "VFS cleanup" [_thread_blocked, id=7768, stack(0x000000e136700000,0x000000e136800000)]
  0x0000022fc45e1070 JavaThread "Handler for socket connection from /127.0.0.1:61545 to /127.0.0.1:61575" [_thread_in_native, id=11712, stack(0x000000e136400000,0x000000e136500000)]
  0x0000022fc45e33e0 JavaThread "Cancel handler" [_thread_blocked, id=20204, stack(0x000000e136500000,0x000000e136600000)]
  0x0000022fc45e4310 JavaThread "Asynchronous log dispatcher for DefaultDaemonConnection: socket connection from /127.0.0.1:61545 to /127.0.0.1:61575" [_thread_blocked, id=7084, stack(0x000000e136800000,0x000000e136900000)]
  0x0000022fc45e7ac0 JavaThread "Stdin handler" [_thread_blocked, id=17720, stack(0x000000e136900000,0x000000e136a00000)]
  0x0000022fc45e5750 JavaThread "Daemon client event forwarder" [_thread_blocked, id=17828, stack(0x000000e136d00000,0x000000e136e00000)]
  0x0000022fc45e0650 JavaThread "Cache worker for file hash cache (C:\Users\Miha\Downloads\hogvards-book\.gradle\9.4.1\fileHashes)" [_thread_blocked, id=20304, stack(0x000000e136e00000,0x000000e136f00000)]
  0x0000022fc45e75b0 JavaThread "Cache worker for Build Output Cleanup Cache (C:\Users\Miha\Downloads\hogvards-book\.gradle\buildOutputCleanup)" [_thread_blocked, id=14136, stack(0x000000e136f00000,0x000000e137000000)]
  0x0000022fc45e38f0 JavaThread "jar transforms" [_thread_blocked, id=20176, stack(0x000000e137300000,0x000000e137400000)]
  0x0000022fc45e1580 JavaThread "jar transforms Thread 2" [_thread_blocked, id=11224, stack(0x000000e137400000,0x000000e137500000)]
  0x0000022fc45e4d30 JavaThread "jar transforms Thread 3" [_thread_blocked, id=15688, stack(0x000000e137500000,0x000000e137600000)]
  0x0000022fc45e1a90 JavaThread "jar transforms Thread 4" [_thread_blocked, id=4272, stack(0x000000e137600000,0x000000e137700000)]
  0x0000022fc45e5c60 JavaThread "Cache worker for file content cache (C:\Users\Miha\.gradle\caches\9.4.1\fileContent)" [_thread_blocked, id=17736, stack(0x000000e137700000,0x000000e137800000)]
  0x0000022fc45e0b60 JavaThread "Cache worker for checksums cache (C:\Users\Miha\Downloads\hogvards-book\.gradle\9.4.1\checksums)" [_thread_blocked, id=376, stack(0x000000e137800000,0x000000e137900000)]
  0x0000022fc45e3e00 JavaThread "Cache worker for cache directory md-supplier (C:\Users\Miha\.gradle\caches\9.4.1\md-supplier)" [_thread_blocked, id=18724, stack(0x000000e137a00000,0x000000e137b00000)]
  0x0000022fc45e4820 JavaThread "Cache worker for cache directory md-rule (C:\Users\Miha\.gradle\caches\9.4.1\md-rule)" [_thread_blocked, id=18436, stack(0x000000e137b00000,0x000000e137c00000)]
  0x0000022fc45e6b90 JavaThread "Build operations" [_thread_blocked, id=1672, stack(0x000000e137900000,0x000000e137a00000)]
  0x0000022fc45e29c0 JavaThread "Build operations Thread 2" [_thread_blocked, id=9996, stack(0x000000e137c00000,0x000000e137d00000)]
  0x0000022fc45e2ed0 JavaThread "Build operations Thread 3" [_thread_blocked, id=15920, stack(0x000000e137d00000,0x000000e137e00000)]
  0x0000022fc45e7fd0 JavaThread "Build operations Thread 4" [_thread_blocked, id=12552, stack(0x000000e138100000,0x000000e138200000)]
  0x0000022fc01c7820 JavaThread "C2 CompilerThread1" daemon [_thread_in_vm, id=15772, stack(0x000000e137e00000,0x000000e137f00000)]
  0x0000022fc45e6170 JavaThread "Memory manager" [_thread_blocked, id=1756, stack(0x000000e138200000,0x000000e138300000)]

Other Threads:
  0x0000022fa6d48310 VMThread "VM Thread" [stack: 0x000000e135000000,0x000000e135100000] [id=10632]
  0x0000022f8c9feaf0 WatcherThread [stack: 0x000000e135c00000,0x000000e135d00000] [id=18092]
  0x0000022f8ca2e010 GCTaskThread "GC Thread#0" [stack: 0x000000e134b00000,0x000000e134c00000] [id=12312]
  0x0000022fc02dfa90 GCTaskThread "GC Thread#1" [stack: 0x000000e135d00000,0x000000e135e00000] [id=5560]
  0x0000022fc02dfd50 GCTaskThread "GC Thread#2" [stack: 0x000000e135e00000,0x000000e135f00000] [id=19852]
  0x0000022fc02e0010 GCTaskThread "GC Thread#3" [stack: 0x000000e135f00000,0x000000e136000000] [id=4012]
  0x0000022f8ca32d10 ConcurrentGCThread "G1 Main Marker" [stack: 0x000000e134c00000,0x000000e134d00000] [id=6660]
  0x0000022f8ca334e0 ConcurrentGCThread "G1 Conc#0" [stack: 0x000000e134d00000,0x000000e134e00000] [id=18356]
  0x0000022fa6c0c100 ConcurrentGCThread "G1 Refine#0" [stack: 0x000000e134e00000,0x000000e134f00000] [id=19516]
  0x0000022fc272aed0 ConcurrentGCThread "G1 Refine#1" [stack: 0x000000e137200000,0x000000e137300000] [id=13280]
  0x0000022fa6c0c8e0 ConcurrentGCThread "G1 Service" [stack: 0x000000e134f00000,0x000000e135000000] [id=17608]

Threads with active compile tasks:
C2 CompilerThread0  51490 10869 %     4       org.objectweb.asm.ClassReader::readCode @ 2187 (5117 bytes)
C2 CompilerThread1  51490 10884 %     4       org.gradle.internal.instantiation.generator.AbstractClassGenerator::inspectType @ 107 (602 bytes)

VM state: not at safepoint (normal execution)

VM Mutex/Monitor currently owned by a thread: None

Heap address: 0x00000000e0000000, size: 512 MB, Compressed Oops mode: 32-bit

CDS archive(s) mapped at: [0x0000022fa7000000-0x0000022fa7bb0000-0x0000022fa7bb0000), size 12255232, SharedBaseAddress: 0x0000022fa7000000, ArchiveRelocationMode: 1.
Compressed class space mapped at: 0x0000022fa8000000-0x0000022fbc000000, reserved size: 335544320
Narrow klass base: 0x0000022fa7000000, Narrow klass shift: 0, Narrow klass range: 0x100000000

GC Precious Log:
 CPUs: 4 total, 4 available
 Memory: 16307M
 Large Page Support: Disabled
 NUMA Support: Disabled
 Compressed Oops: Enabled (32-bit)
 Heap Region Size: 1M
 Heap Min Capacity: 256M
 Heap Initial Capacity: 256M
 Heap Max Capacity: 512M
 Pre-touch: Disabled
 Parallel Workers: 4
 Concurrent Workers: 1
 Concurrent Refinement Workers: 4
 Periodic GC: Disabled

Heap:
 garbage-first heap   total 262144K, used 109776K [0x00000000e0000000, 0x0000000100000000)
  region size 1024K, 30 young (30720K), 9 survivors (9216K)
 Metaspace       used 61565K, committed 62400K, reserved 393216K
  class space    used 8755K, committed 9152K, reserved 327680K

Heap Regions: E=young(eden), S=young(survivor), O=old, HS=humongous(starts), HC=humongous(continues), CS=collection set, F=free, OA=open archive, CA=closed archive, TAMS=top-at-mark-start (previous, next)
|   0|0x00000000e0000000, 0x00000000e0100000, 0x00000000e0100000|100%| O|  |TAMS 0x00000000e0100000, 0x00000000e0000000| Untracked 
|   1|0x00000000e0100000, 0x00000000e0200000, 0x00000000e0200000|100%| O|  |TAMS 0x00000000e0200000, 0x00000000e0100000| Untracked 
|   2|0x00000000e0200000, 0x00000000e0300000, 0x00000000e0300000|100%|HS|  |TAMS 0x00000000e0300000, 0x00000000e0200000| Complete 
|   3|0x00000000e0300000, 0x00000000e0400000, 0x00000000e0400000|100%|HC|  |TAMS 0x00000000e0400000, 0x00000000e0300000| Complete 
|   4|0x00000000e0400000, 0x00000000e0500000, 0x00000000e0500000|100%|HC|  |TAMS 0x00000000e0500000, 0x00000000e0400000| Complete 
|   5|0x00000000e0500000, 0x00000000e0600000, 0x00000000e0600000|100%|HC|  |TAMS 0x00000000e0600000, 0x00000000e0500000| Complete 
|   6|0x00000000e0600000, 0x00000000e0700000, 0x00000000e0700000|100%| O|  |TAMS 0x00000000e0700000, 0x00000000e0600000| Untracked 
|   7|0x00000000e0700000, 0x00000000e0800000, 0x00000000e0800000|100%| O|  |TAMS 0x00000000e0800000, 0x00000000e0700000| Untracked 
|   8|0x00000000e0800000, 0x00000000e0900000, 0x00000000e0900000|100%| O|  |TAMS 0x00000000e0900000, 0x00000000e0800000| Untracked 
|   9|0x00000000e0900000, 0x00000000e0a00000, 0x00000000e0a00000|100%|HS|  |TAMS 0x00000000e0a00000, 0x00000000e0900000| Complete 
|  10|0x00000000e0a00000, 0x00000000e0b00000, 0x00000000e0b00000|100%| O|  |TAMS 0x00000000e0b00000, 0x00000000e0a00000| Untracked 
|  11|0x00000000e0b00000, 0x00000000e0c00000, 0x00000000e0c00000|100%| O|  |TAMS 0x00000000e0c00000, 0x00000000e0b00000| Untracked 
|  12|0x00000000e0c00000, 0x00000000e0d00000, 0x00000000e0d00000|100%| O|  |TAMS 0x00000000e0d00000, 0x00000000e0c00000| Untracked 
|  13|0x00000000e0d00000, 0x00000000e0e00000, 0x00000000e0e00000|100%| O|  |TAMS 0x00000000e0e00000, 0x00000000e0d00000| Untracked 
|  14|0x00000000e0e00000, 0x00000000e0f00000, 0x00000000e0f00000|100%| O|  |TAMS 0x00000000e0f00000, 0x00000000e0e00000| Untracked 
|  15|0x00000000e0f00000, 0x00000000e1000000, 0x00000000e1000000|100%| O|  |TAMS 0x00000000e1000000, 0x00000000e0f00000| Untracked 
|  16|0x00000000e1000000, 0x00000000e1100000, 0x00000000e1100000|100%| O|  |TAMS 0x00000000e1100000, 0x00000000e1000000| Untracked 
|  17|0x00000000e1100000, 0x00000000e1200000, 0x00000000e1200000|100%| O|  |TAMS 0x00000000e1200000, 0x00000000e1100000| Untracked 
|  18|0x00000000e1200000, 0x00000000e1300000, 0x00000000e1300000|100%| O|  |TAMS 0x00000000e1300000, 0x00000000e1200000| Untracked 
|  19|0x00000000e1300000, 0x00000000e1400000, 0x00000000e1400000|100%| O|  |TAMS 0x00000000e1400000, 0x00000000e1300000| Untracked 
|  20|0x00000000e1400000, 0x00000000e1500000, 0x00000000e1500000|100%| O|  |TAMS 0x00000000e1500000, 0x00000000e1400000| Untracked 
|  21|0x00000000e1500000, 0x00000000e1600000, 0x00000000e1600000|100%| O|  |TAMS 0x00000000e1600000, 0x00000000e1500000| Untracked 
|  22|0x00000000e1600000, 0x00000000e1700000, 0x00000000e1700000|100%| O|  |TAMS 0x00000000e1700000, 0x00000000e1600000| Untracked 
|  23|0x00000000e1700000, 0x00000000e1800000, 0x00000000e1800000|100%| O|  |TAMS 0x00000000e1800000, 0x00000000e1700000| Untracked 
|  24|0x00000000e1800000, 0x00000000e1900000, 0x00000000e1900000|100%| O|  |TAMS 0x00000000e1900000, 0x00000000e1800000| Untracked 
|  25|0x00000000e1900000, 0x00000000e1a00000, 0x00000000e1a00000|100%| O|  |TAMS 0x00000000e1a00000, 0x00000000e1900000| Untracked 
|  26|0x00000000e1a00000, 0x00000000e1b00000, 0x00000000e1b00000|100%| O|  |TAMS 0x00000000e1b00000, 0x00000000e1a00000| Complete 
|  27|0x00000000e1b00000, 0x00000000e1c00000, 0x00000000e1c00000|100%| O|  |TAMS 0x00000000e1c00000, 0x00000000e1b00000| Untracked 
|  28|0x00000000e1c00000, 0x00000000e1d00000, 0x00000000e1d00000|100%| O|  |TAMS 0x00000000e1d00000, 0x00000000e1c00000| Untracked 
|  29|0x00000000e1d00000, 0x00000000e1e00000, 0x00000000e1e00000|100%| O|  |TAMS 0x00000000e1e00000, 0x00000000e1d00000| Untracked 
|  30|0x00000000e1e00000, 0x00000000e1f00000, 0x00000000e1f00000|100%| O|  |TAMS 0x00000000e1f00000, 0x00000000e1e00000| Untracked 
|  31|0x00000000e1f00000, 0x00000000e2000000, 0x00000000e2000000|100%| O|  |TAMS 0x00000000e1f00000, 0x00000000e1f00000| Untracked 
|  32|0x00000000e2000000, 0x00000000e2100000, 0x00000000e2100000|100%| O|  |TAMS 0x00000000e2100000, 0x00000000e2000000| Complete 
|  33|0x00000000e2100000, 0x00000000e2200000, 0x00000000e2200000|100%| O|  |TAMS 0x00000000e2100000, 0x00000000e2100000| Untracked 
|  34|0x00000000e2200000, 0x00000000e2300000, 0x00000000e2300000|100%| O|  |TAMS 0x00000000e2300000, 0x00000000e2200000| Complete 
|  35|0x00000000e2300000, 0x00000000e2400000, 0x00000000e2400000|100%| O|  |TAMS 0x00000000e2400000, 0x00000000e2300000| Untracked 
|  36|0x00000000e2400000, 0x00000000e2500000, 0x00000000e2500000|100%| O|  |TAMS 0x00000000e2500000, 0x00000000e2400000| Untracked 
|  37|0x00000000e2500000, 0x00000000e2600000, 0x00000000e2600000|100%| O|  |TAMS 0x00000000e2600000, 0x00000000e2500000| Untracked 
|  38|0x00000000e2600000, 0x00000000e2700000, 0x00000000e2700000|100%| O|  |TAMS 0x00000000e2700000, 0x00000000e2600000| Untracked 
|  39|0x00000000e2700000, 0x00000000e2800000, 0x00000000e2800000|100%| O|  |TAMS 0x00000000e2800000, 0x00000000e2700000| Untracked 
|  40|0x00000000e2800000, 0x00000000e2900000, 0x00000000e2900000|100%| O|  |TAMS 0x00000000e2900000, 0x00000000e2800000| Untracked 
|  41|0x00000000e2900000, 0x00000000e2a00000, 0x00000000e2a00000|100%| O|  |TAMS 0x00000000e2a00000, 0x00000000e2900000| Untracked 
|  42|0x00000000e2a00000, 0x00000000e2b00000, 0x00000000e2b00000|100%| O|  |TAMS 0x00000000e2b00000, 0x00000000e2a00000| Untracked 
|  43|0x00000000e2b00000, 0x00000000e2c00000, 0x00000000e2c00000|100%| O|  |TAMS 0x00000000e2c00000, 0x00000000e2b00000| Untracked 
|  44|0x00000000e2c00000, 0x00000000e2d00000, 0x00000000e2d00000|100%| O|  |TAMS 0x00000000e2d00000, 0x00000000e2c00000| Untracked 
|  45|0x00000000e2d00000, 0x00000000e2e00000, 0x00000000e2e00000|100%| O|  |TAMS 0x00000000e2e00000, 0x00000000e2d00000| Untracked 
|  46|0x00000000e2e00000, 0x00000000e2f00000, 0x00000000e2f00000|100%|HS|  |TAMS 0x00000000e2f00000, 0x00000000e2e00000| Complete 
|  47|0x00000000e2f00000, 0x00000000e3000000, 0x00000000e3000000|100%|HC|  |TAMS 0x00000000e3000000, 0x00000000e2f00000| Complete 
|  48|0x00000000e3000000, 0x00000000e3100000, 0x00000000e3100000|100%|HC|  |TAMS 0x00000000e3100000, 0x00000000e3000000| Complete 
|  49|0x00000000e3100000, 0x00000000e3200000, 0x00000000e3200000|100%|HC|  |TAMS 0x00000000e3200000, 0x00000000e3100000| Complete 
|  50|0x00000000e3200000, 0x00000000e3300000, 0x00000000e3300000|100%|HC|  |TAMS 0x00000000e3300000, 0x00000000e3200000| Complete 
|  51|0x00000000e3300000, 0x00000000e3400000, 0x00000000e3400000|100%|HC|  |TAMS 0x00000000e3400000, 0x00000000e3300000| Complete 
|  52|0x00000000e3400000, 0x00000000e3500000, 0x00000000e3500000|100%|HS|  |TAMS 0x00000000e3500000, 0x00000000e3400000| Complete 
|  53|0x00000000e3500000, 0x00000000e3600000, 0x00000000e3600000|100%|HS|  |TAMS 0x00000000e3600000, 0x00000000e3500000| Complete 
|  54|0x00000000e3600000, 0x00000000e3700000, 0x00000000e3700000|100%|HS|  |TAMS 0x00000000e3700000, 0x00000000e3600000| Complete 
|  55|0x00000000e3700000, 0x00000000e3800000, 0x00000000e3800000|100%|HC|  |TAMS 0x00000000e3800000, 0x00000000e3700000| Complete 
|  56|0x00000000e3800000, 0x00000000e3900000, 0x00000000e3900000|100%|HC|  |TAMS 0x00000000e3900000, 0x00000000e3800000| Complete 
|  57|0x00000000e3900000, 0x00000000e3a00000, 0x00000000e3a00000|100%|HC|  |TAMS 0x00000000e3a00000, 0x00000000e3900000| Complete 
|  58|0x00000000e3a00000, 0x00000000e3b00000, 0x00000000e3b00000|100%|HC|  |TAMS 0x00000000e3b00000, 0x00000000e3a00000| Complete 
|  59|0x00000000e3b00000, 0x00000000e3c00000, 0x00000000e3c00000|100%|HC|  |TAMS 0x00000000e3c00000, 0x00000000e3b00000| Complete 
|  60|0x00000000e3c00000, 0x00000000e3d00000, 0x00000000e3d00000|100%|HS|  |TAMS 0x00000000e3d00000, 0x00000000e3c00000| Complete 
|  61|0x00000000e3d00000, 0x00000000e3e00000, 0x00000000e3e00000|100%|HS|  |TAMS 0x00000000e3e00000, 0x00000000e3d00000| Complete 
|  62|0x00000000e3e00000, 0x00000000e3f00000, 0x00000000e3f00000|100%| O|  |TAMS 0x00000000e3f00000, 0x00000000e3e00000| Untracked 
|  63|0x00000000e3f00000, 0x00000000e4000000, 0x00000000e4000000|100%| O|  |TAMS 0x00000000e4000000, 0x00000000e3f00000| Untracked 
|  64|0x00000000e4000000, 0x00000000e4100000, 0x00000000e4100000|100%| O|  |TAMS 0x00000000e4100000, 0x00000000e4000000| Untracked 
|  65|0x00000000e4100000, 0x00000000e4200000, 0x00000000e4200000|100%| O|  |TAMS 0x00000000e4200000, 0x00000000e4100000| Untracked 
|  66|0x00000000e4200000, 0x00000000e4300000, 0x00000000e4300000|100%| O|  |TAMS 0x00000000e4300000, 0x00000000e4200000| Untracked 
|  67|0x00000000e4300000, 0x00000000e4400000, 0x00000000e4400000|100%| O|  |TAMS 0x00000000e4400000, 0x00000000e4300000| Untracked 
|  68|0x00000000e4400000, 0x00000000e4500000, 0x00000000e4500000|100%| O|  |TAMS 0x00000000e4500000, 0x00000000e4400000| Untracked 
|  69|0x00000000e4500000, 0x00000000e4600000, 0x00000000e4600000|100%| O|  |TAMS 0x00000000e4600000, 0x00000000e4500000| Untracked 
|  70|0x00000000e4600000, 0x00000000e4700000, 0x00000000e4700000|100%| O|  |TAMS 0x00000000e4700000, 0x00000000e4600000| Untracked 
|  71|0x00000000e4700000, 0x00000000e4800000, 0x00000000e4800000|100%| O|  |TAMS 0x00000000e4800000, 0x00000000e4700000| Untracked 
|  72|0x00000000e4800000, 0x00000000e4900000, 0x00000000e4900000|100%| O|  |TAMS 0x00000000e4900000, 0x00000000e4800000| Untracked 
|  73|0x00000000e4900000, 0x00000000e4a00000, 0x00000000e4a00000|100%| O|  |TAMS 0x00000000e4a00000, 0x00000000e4900000| Untracked 
|  74|0x00000000e4a00000, 0x00000000e4b00000, 0x00000000e4b00000|100%| O|  |TAMS 0x00000000e4b00000, 0x00000000e4a00000| Untracked 
|  75|0x00000000e4b00000, 0x00000000e4c00000, 0x00000000e4c00000|100%| O|  |TAMS 0x00000000e4c00000, 0x00000000e4b00000| Untracked 
|  76|0x00000000e4c00000, 0x00000000e4d00000, 0x00000000e4d00000|100%| O|  |TAMS 0x00000000e4c56800, 0x00000000e4c00000| Untracked 
|  77|0x00000000e4d00000, 0x00000000e4e00000, 0x00000000e4e00000|100%| O|  |TAMS 0x00000000e4d00000, 0x00000000e4d00000| Untracked 
|  78|0x00000000e4e00000, 0x00000000e4e7ca00, 0x00000000e4f00000| 48%| O|  |TAMS 0x00000000e4e00000, 0x00000000e4e00000| Untracked 
|  79|0x00000000e4f00000, 0x00000000e4f00000, 0x00000000e5000000|  0%| F|  |TAMS 0x00000000e4f00000, 0x00000000e4f00000| Untracked 
|  80|0x00000000e5000000, 0x00000000e5000000, 0x00000000e5100000|  0%| F|  |TAMS 0x00000000e5000000, 0x00000000e5000000| Untracked 
|  81|0x00000000e5100000, 0x00000000e5100000, 0x00000000e5200000|  0%| F|  |TAMS 0x00000000e5100000, 0x00000000e5100000| Untracked 
|  82|0x00000000e5200000, 0x00000000e5200000, 0x00000000e5300000|  0%| F|  |TAMS 0x00000000e5200000, 0x00000000e5200000| Untracked 
|  83|0x00000000e5300000, 0x00000000e5300000, 0x00000000e5400000|  0%| F|  |TAMS 0x00000000e5300000, 0x00000000e5300000| Untracked 
|  84|0x00000000e5400000, 0x00000000e5400000, 0x00000000e5500000|  0%| F|  |TAMS 0x00000000e5400000, 0x00000000e5400000| Untracked 
|  85|0x00000000e5500000, 0x00000000e5500000, 0x00000000e5600000|  0%| F|  |TAMS 0x00000000e5500000, 0x00000000e5500000| Untracked 
|  86|0x00000000e5600000, 0x00000000e5600000, 0x00000000e5700000|  0%| F|  |TAMS 0x00000000e5600000, 0x00000000e5600000| Untracked 
|  87|0x00000000e5700000, 0x00000000e5700000, 0x00000000e5800000|  0%| F|  |TAMS 0x00000000e5700000, 0x00000000e5700000| Untracked 
|  88|0x00000000e5800000, 0x00000000e5800000, 0x00000000e5900000|  0%| F|  |TAMS 0x00000000e5800000, 0x00000000e5800000| Untracked 
|  89|0x00000000e5900000, 0x00000000e5900000, 0x00000000e5a00000|  0%| F|  |TAMS 0x00000000e5900000, 0x00000000e5900000| Untracked 
|  90|0x00000000e5a00000, 0x00000000e5a00000, 0x00000000e5b00000|  0%| F|  |TAMS 0x00000000e5a00000, 0x00000000e5a00000| Untracked 
|  91|0x00000000e5b00000, 0x00000000e5b00000, 0x00000000e5c00000|  0%| F|  |TAMS 0x00000000e5b00000, 0x00000000e5b00000| Untracked 
|  92|0x00000000e5c00000, 0x00000000e5c00000, 0x00000000e5d00000|  0%| F|  |TAMS 0x00000000e5c00000, 0x00000000e5c00000| Untracked 
|  93|0x00000000e5d00000, 0x00000000e5d00000, 0x00000000e5e00000|  0%| F|  |TAMS 0x00000000e5d00000, 0x00000000e5d00000| Untracked 
|  94|0x00000000e5e00000, 0x00000000e5e00000, 0x00000000e5f00000|  0%| F|  |TAMS 0x00000000e5e00000, 0x00000000e5e00000| Untracked 
|  95|0x00000000e5f00000, 0x00000000e5f00000, 0x00000000e6000000|  0%| F|  |TAMS 0x00000000e5f00000, 0x00000000e5f00000| Untracked 
|  96|0x00000000e6000000, 0x00000000e6000000, 0x00000000e6100000|  0%| F|  |TAMS 0x00000000e6000000, 0x00000000e6000000| Untracked 
|  97|0x00000000e6100000, 0x00000000e6100000, 0x00000000e6200000|  0%| F|  |TAMS 0x00000000e6100000, 0x00000000e6100000| Untracked 
|  98|0x00000000e6200000, 0x00000000e6200000, 0x00000000e6300000|  0%| F|  |TAMS 0x00000000e6200000, 0x00000000e6200000| Untracked 
|  99|0x00000000e6300000, 0x00000000e6300000, 0x00000000e6400000|  0%| F|  |TAMS 0x00000000e6300000, 0x00000000e6300000| Untracked 
| 100|0x00000000e6400000, 0x00000000e6400000, 0x00000000e6500000|  0%| F|  |TAMS 0x00000000e6400000, 0x00000000e6400000| Untracked 
| 101|0x00000000e6500000, 0x00000000e6500000, 0x00000000e6600000|  0%| F|  |TAMS 0x00000000e6500000, 0x00000000e6500000| Untracked 
| 102|0x00000000e6600000, 0x00000000e6600000, 0x00000000e6700000|  0%| F|  |TAMS 0x00000000e6600000, 0x00000000e6600000| Untracked 
| 103|0x00000000e6700000, 0x00000000e6700000, 0x00000000e6800000|  0%| F|  |TAMS 0x00000000e6700000, 0x00000000e6700000| Untracked 
| 104|0x00000000e6800000, 0x00000000e6800000, 0x00000000e6900000|  0%| F|  |TAMS 0x00000000e6800000, 0x00000000e6800000| Untracked 
| 105|0x00000000e6900000, 0x00000000e6900000, 0x00000000e6a00000|  0%| F|  |TAMS 0x00000000e6900000, 0x00000000e6900000| Untracked 
| 106|0x00000000e6a00000, 0x00000000e6a00000, 0x00000000e6b00000|  0%| F|  |TAMS 0x00000000e6a00000, 0x00000000e6a00000| Untracked 
| 107|0x00000000e6b00000, 0x00000000e6b00000, 0x00000000e6c00000|  0%| F|  |TAMS 0x00000000e6b00000, 0x00000000e6b00000| Untracked 
| 108|0x00000000e6c00000, 0x00000000e6c00000, 0x00000000e6d00000|  0%| F|  |TAMS 0x00000000e6c00000, 0x00000000e6c00000| Untracked 
| 109|0x00000000e6d00000, 0x00000000e6d00000, 0x00000000e6e00000|  0%| F|  |TAMS 0x00000000e6d00000, 0x00000000e6d00000| Untracked 
| 110|0x00000000e6e00000, 0x00000000e6e00000, 0x00000000e6f00000|  0%| F|  |TAMS 0x00000000e6e00000, 0x00000000e6e00000| Untracked 
| 111|0x00000000e6f00000, 0x00000000e6f00000, 0x00000000e7000000|  0%| F|  |TAMS 0x00000000e6f00000, 0x00000000e6f00000| Untracked 
| 112|0x00000000e7000000, 0x00000000e7000000, 0x00000000e7100000|  0%| F|  |TAMS 0x00000000e7000000, 0x00000000e7000000| Untracked 
| 113|0x00000000e7100000, 0x00000000e7100000, 0x00000000e7200000|  0%| F|  |TAMS 0x00000000e7100000, 0x00000000e7100000| Untracked 
| 114|0x00000000e7200000, 0x00000000e7200000, 0x00000000e7300000|  0%| F|  |TAMS 0x00000000e7200000, 0x00000000e7200000| Untracked 
| 115|0x00000000e7300000, 0x00000000e7300000, 0x00000000e7400000|  0%| F|  |TAMS 0x00000000e7300000, 0x00000000e7300000| Untracked 
| 116|0x00000000e7400000, 0x00000000e7400000, 0x00000000e7500000|  0%| F|  |TAMS 0x00000000e7400000, 0x00000000e7400000| Untracked 
| 117|0x00000000e7500000, 0x00000000e7500000, 0x00000000e7600000|  0%| F|  |TAMS 0x00000000e7500000, 0x00000000e7500000| Untracked 
| 118|0x00000000e7600000, 0x00000000e7600000, 0x00000000e7700000|  0%| F|  |TAMS 0x00000000e7600000, 0x00000000e7600000| Untracked 
| 119|0x00000000e7700000, 0x00000000e7700000, 0x00000000e7800000|  0%| F|  |TAMS 0x00000000e7700000, 0x00000000e7700000| Untracked 
| 120|0x00000000e7800000, 0x00000000e7800000, 0x00000000e7900000|  0%| F|  |TAMS 0x00000000e7800000, 0x00000000e7800000| Untracked 
| 121|0x00000000e7900000, 0x00000000e7900000, 0x00000000e7a00000|  0%| F|  |TAMS 0x00000000e7900000, 0x00000000e7900000| Untracked 
| 122|0x00000000e7a00000, 0x00000000e7a00000, 0x00000000e7b00000|  0%| F|  |TAMS 0x00000000e7a00000, 0x00000000e7a00000| Untracked 
| 123|0x00000000e7b00000, 0x00000000e7b00000, 0x00000000e7c00000|  0%| F|  |TAMS 0x00000000e7b00000, 0x00000000e7b00000| Untracked 
| 124|0x00000000e7c00000, 0x00000000e7c00000, 0x00000000e7d00000|  0%| F|  |TAMS 0x00000000e7c00000, 0x00000000e7c00000| Untracked 
| 125|0x00000000e7d00000, 0x00000000e7d00000, 0x00000000e7e00000|  0%| F|  |TAMS 0x00000000e7d00000, 0x00000000e7d00000| Untracked 
| 126|0x00000000e7e00000, 0x00000000e7e00000, 0x00000000e7f00000|  0%| F|  |TAMS 0x00000000e7e00000, 0x00000000e7e00000| Untracked 
| 127|0x00000000e7f00000, 0x00000000e7f00000, 0x00000000e8000000|  0%| F|  |TAMS 0x00000000e7f00000, 0x00000000e7f00000| Untracked 
| 128|0x00000000e8000000, 0x00000000e8000000, 0x00000000e8100000|  0%| F|  |TAMS 0x00000000e8000000, 0x00000000e8000000| Untracked 
| 129|0x00000000e8100000, 0x00000000e8100000, 0x00000000e8200000|  0%| F|  |TAMS 0x00000000e8100000, 0x00000000e8100000| Untracked 
| 130|0x00000000e8200000, 0x00000000e8200000, 0x00000000e8300000|  0%| F|  |TAMS 0x00000000e8200000, 0x00000000e8200000| Untracked 
| 131|0x00000000e8300000, 0x00000000e8300000, 0x00000000e8400000|  0%| F|  |TAMS 0x00000000e8300000, 0x00000000e8300000| Untracked 
| 132|0x00000000e8400000, 0x00000000e8400000, 0x00000000e8500000|  0%| F|  |TAMS 0x00000000e8400000, 0x00000000e8400000| Untracked 
| 133|0x00000000e8500000, 0x00000000e8500000, 0x00000000e8600000|  0%| F|  |TAMS 0x00000000e8500000, 0x00000000e8500000| Untracked 
| 134|0x00000000e8600000, 0x00000000e8600000, 0x00000000e8700000|  0%| F|  |TAMS 0x00000000e8600000, 0x00000000e8600000| Untracked 
| 135|0x00000000e8700000, 0x00000000e8700000, 0x00000000e8800000|  0%| F|  |TAMS 0x00000000e8700000, 0x00000000e8700000| Untracked 
| 136|0x00000000e8800000, 0x00000000e8800000, 0x00000000e8900000|  0%| F|  |TAMS 0x00000000e8800000, 0x00000000e8800000| Untracked 
| 137|0x00000000e8900000, 0x00000000e8900000, 0x00000000e8a00000|  0%| F|  |TAMS 0x00000000e8900000, 0x00000000e8900000| Untracked 
| 138|0x00000000e8a00000, 0x00000000e8a00000, 0x00000000e8b00000|  0%| F|  |TAMS 0x00000000e8a00000, 0x00000000e8a00000| Untracked 
| 139|0x00000000e8b00000, 0x00000000e8b00000, 0x00000000e8c00000|  0%| F|  |TAMS 0x00000000e8b00000, 0x00000000e8b00000| Untracked 
| 140|0x00000000e8c00000, 0x00000000e8c00000, 0x00000000e8d00000|  0%| F|  |TAMS 0x00000000e8c00000, 0x00000000e8c00000| Untracked 
| 141|0x00000000e8d00000, 0x00000000e8d00000, 0x00000000e8e00000|  0%| F|  |TAMS 0x00000000e8d00000, 0x00000000e8d00000| Untracked 
| 142|0x00000000e8e00000, 0x00000000e8e00000, 0x00000000e8f00000|  0%| F|  |TAMS 0x00000000e8e00000, 0x00000000e8e00000| Untracked 
| 143|0x00000000e8f00000, 0x00000000e8f00000, 0x00000000e9000000|  0%| F|  |TAMS 0x00000000e8f00000, 0x00000000e8f00000| Untracked 
| 144|0x00000000e9000000, 0x00000000e9000000, 0x00000000e9100000|  0%| F|  |TAMS 0x00000000e9000000, 0x00000000e9000000| Untracked 
| 145|0x00000000e9100000, 0x00000000e9100000, 0x00000000e9200000|  0%| F|  |TAMS 0x00000000e9100000, 0x00000000e9100000| Untracked 
| 146|0x00000000e9200000, 0x00000000e9200000, 0x00000000e9300000|  0%| F|  |TAMS 0x00000000e9200000, 0x00000000e9200000| Untracked 
| 147|0x00000000e9300000, 0x00000000e9300000, 0x00000000e9400000|  0%| F|  |TAMS 0x00000000e9300000, 0x00000000e9300000| Untracked 
| 148|0x00000000e9400000, 0x00000000e9400000, 0x00000000e9500000|  0%| F|  |TAMS 0x00000000e9400000, 0x00000000e9400000| Untracked 
| 149|0x00000000e9500000, 0x00000000e9500000, 0x00000000e9600000|  0%| F|  |TAMS 0x00000000e9500000, 0x00000000e9500000| Untracked 
| 150|0x00000000e9600000, 0x00000000e9600000, 0x00000000e9700000|  0%| F|  |TAMS 0x00000000e9600000, 0x00000000e9600000| Untracked 
| 151|0x00000000e9700000, 0x00000000e9700000, 0x00000000e9800000|  0%| F|  |TAMS 0x00000000e9700000, 0x00000000e9700000| Untracked 
| 152|0x00000000e9800000, 0x00000000e9800000, 0x00000000e9900000|  0%| F|  |TAMS 0x00000000e9800000, 0x00000000e9800000| Untracked 
| 153|0x00000000e9900000, 0x00000000e9900000, 0x00000000e9a00000|  0%| F|  |TAMS 0x00000000e9900000, 0x00000000e9900000| Untracked 
| 154|0x00000000e9a00000, 0x00000000e9a00000, 0x00000000e9b00000|  0%| F|  |TAMS 0x00000000e9a00000, 0x00000000e9a00000| Untracked 
| 155|0x00000000e9b00000, 0x00000000e9b00000, 0x00000000e9c00000|  0%| F|  |TAMS 0x00000000e9b00000, 0x00000000e9b00000| Untracked 
| 156|0x00000000e9c00000, 0x00000000e9c00000, 0x00000000e9d00000|  0%| F|  |TAMS 0x00000000e9c00000, 0x00000000e9c00000| Untracked 
| 157|0x00000000e9d00000, 0x00000000e9d00000, 0x00000000e9e00000|  0%| F|  |TAMS 0x00000000e9d00000, 0x00000000e9d00000| Untracked 
| 158|0x00000000e9e00000, 0x00000000e9e00000, 0x00000000e9f00000|  0%| F|  |TAMS 0x00000000e9e00000, 0x00000000e9e00000| Untracked 
| 159|0x00000000e9f00000, 0x00000000e9f00000, 0x00000000ea000000|  0%| F|  |TAMS 0x00000000e9f00000, 0x00000000e9f00000| Untracked 
| 160|0x00000000ea000000, 0x00000000ea000000, 0x00000000ea100000|  0%| F|  |TAMS 0x00000000ea000000, 0x00000000ea000000| Untracked 
| 161|0x00000000ea100000, 0x00000000ea100000, 0x00000000ea200000|  0%| F|  |TAMS 0x00000000ea100000, 0x00000000ea100000| Untracked 
| 162|0x00000000ea200000, 0x00000000ea200000, 0x00000000ea300000|  0%| F|  |TAMS 0x00000000ea200000, 0x00000000ea200000| Untracked 
| 163|0x00000000ea300000, 0x00000000ea300000, 0x00000000ea400000|  0%| F|  |TAMS 0x00000000ea300000, 0x00000000ea300000| Untracked 
| 164|0x00000000ea400000, 0x00000000ea400000, 0x00000000ea500000|  0%| F|  |TAMS 0x00000000ea400000, 0x00000000ea400000| Untracked 
| 165|0x00000000ea500000, 0x00000000ea500000, 0x00000000ea600000|  0%| F|  |TAMS 0x00000000ea500000, 0x00000000ea500000| Untracked 
| 166|0x00000000ea600000, 0x00000000ea600000, 0x00000000ea700000|  0%| F|  |TAMS 0x00000000ea600000, 0x00000000ea600000| Untracked 
| 167|0x00000000ea700000, 0x00000000ea700000, 0x00000000ea800000|  0%| F|  |TAMS 0x00000000ea700000, 0x00000000ea700000| Untracked 
| 168|0x00000000ea800000, 0x00000000ea800000, 0x00000000ea900000|  0%| F|  |TAMS 0x00000000ea800000, 0x00000000ea800000| Untracked 
| 169|0x00000000ea900000, 0x00000000ea900000, 0x00000000eaa00000|  0%| F|  |TAMS 0x00000000ea900000, 0x00000000ea900000| Untracked 
| 170|0x00000000eaa00000, 0x00000000eaa00000, 0x00000000eab00000|  0%| F|  |TAMS 0x00000000eaa00000, 0x00000000eaa00000| Untracked 
| 171|0x00000000eab00000, 0x00000000eab00000, 0x00000000eac00000|  0%| F|  |TAMS 0x00000000eab00000, 0x00000000eab00000| Untracked 
| 172|0x00000000eac00000, 0x00000000eac00000, 0x00000000ead00000|  0%| F|  |TAMS 0x00000000eac00000, 0x00000000eac00000| Untracked 
| 173|0x00000000ead00000, 0x00000000ead00000, 0x00000000eae00000|  0%| F|  |TAMS 0x00000000ead00000, 0x00000000ead00000| Untracked 
| 174|0x00000000eae00000, 0x00000000eae00000, 0x00000000eaf00000|  0%| F|  |TAMS 0x00000000eae00000, 0x00000000eae00000| Untracked 
| 175|0x00000000eaf00000, 0x00000000eaf00000, 0x00000000eb000000|  0%| F|  |TAMS 0x00000000eaf00000, 0x00000000eaf00000| Untracked 
| 176|0x00000000eb000000, 0x00000000eb000000, 0x00000000eb100000|  0%| F|  |TAMS 0x00000000eb000000, 0x00000000eb000000| Untracked 
| 177|0x00000000eb100000, 0x00000000eb100000, 0x00000000eb200000|  0%| F|  |TAMS 0x00000000eb100000, 0x00000000eb100000| Untracked 
| 178|0x00000000eb200000, 0x00000000eb200000, 0x00000000eb300000|  0%| F|  |TAMS 0x00000000eb200000, 0x00000000eb200000| Untracked 
| 179|0x00000000eb300000, 0x00000000eb300000, 0x00000000eb400000|  0%| F|  |TAMS 0x00000000eb300000, 0x00000000eb300000| Untracked 
| 180|0x00000000eb400000, 0x00000000eb400000, 0x00000000eb500000|  0%| F|  |TAMS 0x00000000eb400000, 0x00000000eb400000| Untracked 
| 181|0x00000000eb500000, 0x00000000eb500000, 0x00000000eb600000|  0%| F|  |TAMS 0x00000000eb500000, 0x00000000eb500000| Untracked 
| 182|0x00000000eb600000, 0x00000000eb600000, 0x00000000eb700000|  0%| F|  |TAMS 0x00000000eb600000, 0x00000000eb600000| Untracked 
| 183|0x00000000eb700000, 0x00000000eb700000, 0x00000000eb800000|  0%| F|  |TAMS 0x00000000eb700000, 0x00000000eb700000| Untracked 
| 184|0x00000000eb800000, 0x00000000eb800000, 0x00000000eb900000|  0%| F|  |TAMS 0x00000000eb800000, 0x00000000eb800000| Untracked 
| 185|0x00000000eb900000, 0x00000000eb900000, 0x00000000eba00000|  0%| F|  |TAMS 0x00000000eb900000, 0x00000000eb900000| Untracked 
| 186|0x00000000eba00000, 0x00000000ebab77b0, 0x00000000ebb00000| 71%| S|CS|TAMS 0x00000000eba00000, 0x00000000eba00000| Complete 
| 187|0x00000000ebb00000, 0x00000000ebc00000, 0x00000000ebc00000|100%| S|CS|TAMS 0x00000000ebb00000, 0x00000000ebb00000| Complete 
| 188|0x00000000ebc00000, 0x00000000ebd00000, 0x00000000ebd00000|100%| S|CS|TAMS 0x00000000ebc00000, 0x00000000ebc00000| Complete 
| 189|0x00000000ebd00000, 0x00000000ebe00000, 0x00000000ebe00000|100%| S|CS|TAMS 0x00000000ebd00000, 0x00000000ebd00000| Complete 
| 190|0x00000000ebe00000, 0x00000000ebf00000, 0x00000000ebf00000|100%| S|CS|TAMS 0x00000000ebe00000, 0x00000000ebe00000| Complete 
| 191|0x00000000ebf00000, 0x00000000ec000000, 0x00000000ec000000|100%| S|CS|TAMS 0x00000000ebf00000, 0x00000000ebf00000| Complete 
| 192|0x00000000ec000000, 0x00000000ec100000, 0x00000000ec100000|100%| S|CS|TAMS 0x00000000ec000000, 0x00000000ec000000| Complete 
| 193|0x00000000ec100000, 0x00000000ec200000, 0x00000000ec200000|100%| S|CS|TAMS 0x00000000ec100000, 0x00000000ec100000| Complete 
| 194|0x00000000ec200000, 0x00000000ec300000, 0x00000000ec300000|100%| S|CS|TAMS 0x00000000ec200000, 0x00000000ec200000| Complete 
| 195|0x00000000ec300000, 0x00000000ec300000, 0x00000000ec400000|  0%| F|  |TAMS 0x00000000ec300000, 0x00000000ec300000| Untracked 
| 196|0x00000000ec400000, 0x00000000ec400000, 0x00000000ec500000|  0%| F|  |TAMS 0x00000000ec400000, 0x00000000ec400000| Untracked 
| 197|0x00000000ec500000, 0x00000000ec500000, 0x00000000ec600000|  0%| F|  |TAMS 0x00000000ec500000, 0x00000000ec500000| Untracked 
| 198|0x00000000ec600000, 0x00000000ec600000, 0x00000000ec700000|  0%| F|  |TAMS 0x00000000ec600000, 0x00000000ec600000| Untracked 
| 199|0x00000000ec700000, 0x00000000ec700000, 0x00000000ec800000|  0%| F|  |TAMS 0x00000000ec700000, 0x00000000ec700000| Untracked 
| 200|0x00000000ec800000, 0x00000000ec800000, 0x00000000ec900000|  0%| F|  |TAMS 0x00000000ec800000, 0x00000000ec800000| Untracked 
| 201|0x00000000ec900000, 0x00000000ec900000, 0x00000000eca00000|  0%| F|  |TAMS 0x00000000ec900000, 0x00000000ec900000| Untracked 
| 202|0x00000000eca00000, 0x00000000eca00000, 0x00000000ecb00000|  0%| F|  |TAMS 0x00000000eca00000, 0x00000000eca00000| Untracked 
| 203|0x00000000ecb00000, 0x00000000ecb00000, 0x00000000ecc00000|  0%| F|  |TAMS 0x00000000ecb00000, 0x00000000ecb00000| Untracked 
| 204|0x00000000ecc00000, 0x00000000ecc00000, 0x00000000ecd00000|  0%| F|  |TAMS 0x00000000ecc00000, 0x00000000ecc00000| Untracked 
| 205|0x00000000ecd00000, 0x00000000ecd00000, 0x00000000ece00000|  0%| F|  |TAMS 0x00000000ecd00000, 0x00000000ecd00000| Untracked 
| 206|0x00000000ece00000, 0x00000000ece00000, 0x00000000ecf00000|  0%| F|  |TAMS 0x00000000ece00000, 0x00000000ece00000| Untracked 
| 207|0x00000000ecf00000, 0x00000000ecf00000, 0x00000000ed000000|  0%| F|  |TAMS 0x00000000ecf00000, 0x00000000ecf00000| Untracked 
| 208|0x00000000ed000000, 0x00000000ed000000, 0x00000000ed100000|  0%| F|  |TAMS 0x00000000ed000000, 0x00000000ed000000| Untracked 
| 209|0x00000000ed100000, 0x00000000ed100000, 0x00000000ed200000|  0%| F|  |TAMS 0x00000000ed100000, 0x00000000ed100000| Untracked 
| 210|0x00000000ed200000, 0x00000000ed200000, 0x00000000ed300000|  0%| F|  |TAMS 0x00000000ed200000, 0x00000000ed200000| Untracked 
| 211|0x00000000ed300000, 0x00000000ed300000, 0x00000000ed400000|  0%| F|  |TAMS 0x00000000ed300000, 0x00000000ed300000| Untracked 
| 212|0x00000000ed400000, 0x00000000ed400000, 0x00000000ed500000|  0%| F|  |TAMS 0x00000000ed400000, 0x00000000ed400000| Untracked 
| 213|0x00000000ed500000, 0x00000000ed500000, 0x00000000ed600000|  0%| F|  |TAMS 0x00000000ed500000, 0x00000000ed500000| Untracked 
| 214|0x00000000ed600000, 0x00000000ed600000, 0x00000000ed700000|  0%| F|  |TAMS 0x00000000ed600000, 0x00000000ed600000| Untracked 
| 215|0x00000000ed700000, 0x00000000ed700000, 0x00000000ed800000|  0%| F|  |TAMS 0x00000000ed700000, 0x00000000ed700000| Untracked 
| 216|0x00000000ed800000, 0x00000000ed800000, 0x00000000ed900000|  0%| F|  |TAMS 0x00000000ed800000, 0x00000000ed800000| Untracked 
| 217|0x00000000ed900000, 0x00000000ed900000, 0x00000000eda00000|  0%| F|  |TAMS 0x00000000ed900000, 0x00000000ed900000| Untracked 
| 218|0x00000000eda00000, 0x00000000eda00000, 0x00000000edb00000|  0%| F|  |TAMS 0x00000000eda00000, 0x00000000eda00000| Untracked 
| 219|0x00000000edb00000, 0x00000000edb00000, 0x00000000edc00000|  0%| F|  |TAMS 0x00000000edb00000, 0x00000000edb00000| Untracked 
| 220|0x00000000edc00000, 0x00000000edc00000, 0x00000000edd00000|  0%| F|  |TAMS 0x00000000edc00000, 0x00000000edc00000| Untracked 
| 221|0x00000000edd00000, 0x00000000edd00000, 0x00000000ede00000|  0%| F|  |TAMS 0x00000000edd00000, 0x00000000edd00000| Untracked 
| 222|0x00000000ede00000, 0x00000000ede00000, 0x00000000edf00000|  0%| F|  |TAMS 0x00000000ede00000, 0x00000000ede00000| Untracked 
| 223|0x00000000edf00000, 0x00000000edf00000, 0x00000000ee000000|  0%| F|  |TAMS 0x00000000edf00000, 0x00000000edf00000| Untracked 
| 224|0x00000000ee000000, 0x00000000ee000000, 0x00000000ee100000|  0%| F|  |TAMS 0x00000000ee000000, 0x00000000ee000000| Untracked 
| 225|0x00000000ee100000, 0x00000000ee100000, 0x00000000ee200000|  0%| F|  |TAMS 0x00000000ee100000, 0x00000000ee100000| Untracked 
| 226|0x00000000ee200000, 0x00000000ee200000, 0x00000000ee300000|  0%| F|  |TAMS 0x00000000ee200000, 0x00000000ee200000| Untracked 
| 227|0x00000000ee300000, 0x00000000ee300000, 0x00000000ee400000|  0%| F|  |TAMS 0x00000000ee300000, 0x00000000ee300000| Untracked 
| 228|0x00000000ee400000, 0x00000000ee400000, 0x00000000ee500000|  0%| F|  |TAMS 0x00000000ee400000, 0x00000000ee400000| Untracked 
| 229|0x00000000ee500000, 0x00000000ee500000, 0x00000000ee600000|  0%| F|  |TAMS 0x00000000ee500000, 0x00000000ee500000| Untracked 
| 230|0x00000000ee600000, 0x00000000ee600000, 0x00000000ee700000|  0%| F|  |TAMS 0x00000000ee600000, 0x00000000ee600000| Untracked 
| 231|0x00000000ee700000, 0x00000000ee700000, 0x00000000ee800000|  0%| F|  |TAMS 0x00000000ee700000, 0x00000000ee700000| Untracked 
| 232|0x00000000ee800000, 0x00000000ee800000, 0x00000000ee900000|  0%| F|  |TAMS 0x00000000ee800000, 0x00000000ee800000| Untracked 
| 233|0x00000000ee900000, 0x00000000ee900000, 0x00000000eea00000|  0%| F|  |TAMS 0x00000000ee900000, 0x00000000ee900000| Untracked 
| 234|0x00000000eea00000, 0x00000000eea00000, 0x00000000eeb00000|  0%| F|  |TAMS 0x00000000eea00000, 0x00000000eea00000| Untracked 
| 235|0x00000000eeb00000, 0x00000000eec00000, 0x00000000eec00000|100%| E|  |TAMS 0x00000000eeb00000, 0x00000000eeb00000| Complete 
| 236|0x00000000eec00000, 0x00000000eed00000, 0x00000000eed00000|100%| E|CS|TAMS 0x00000000eec00000, 0x00000000eec00000| Complete 
| 237|0x00000000eed00000, 0x00000000eee00000, 0x00000000eee00000|100%| E|CS|TAMS 0x00000000eed00000, 0x00000000eed00000| Complete 
| 238|0x00000000eee00000, 0x00000000eef00000, 0x00000000eef00000|100%| E|CS|TAMS 0x00000000eee00000, 0x00000000eee00000| Complete 
| 239|0x00000000eef00000, 0x00000000ef000000, 0x00000000ef000000|100%| E|CS|TAMS 0x00000000eef00000, 0x00000000eef00000| Complete 
| 240|0x00000000ef000000, 0x00000000ef100000, 0x00000000ef100000|100%| E|CS|TAMS 0x00000000ef000000, 0x00000000ef000000| Complete 
| 241|0x00000000ef100000, 0x00000000ef200000, 0x00000000ef200000|100%| E|CS|TAMS 0x00000000ef100000, 0x00000000ef100000| Complete 
| 242|0x00000000ef200000, 0x00000000ef300000, 0x00000000ef300000|100%| E|CS|TAMS 0x00000000ef200000, 0x00000000ef200000| Complete 
| 243|0x00000000ef300000, 0x00000000ef400000, 0x00000000ef400000|100%| E|CS|TAMS 0x00000000ef300000, 0x00000000ef300000| Complete 
| 244|0x00000000ef400000, 0x00000000ef500000, 0x00000000ef500000|100%| E|CS|TAMS 0x00000000ef400000, 0x00000000ef400000| Complete 
| 245|0x00000000ef500000, 0x00000000ef600000, 0x00000000ef600000|100%| E|CS|TAMS 0x00000000ef500000, 0x00000000ef500000| Complete 
| 246|0x00000000ef600000, 0x00000000ef700000, 0x00000000ef700000|100%| E|CS|TAMS 0x00000000ef600000, 0x00000000ef600000| Complete 
| 247|0x00000000ef700000, 0x00000000ef800000, 0x00000000ef800000|100%| E|CS|TAMS 0x00000000ef700000, 0x00000000ef700000| Complete 
| 248|0x00000000ef800000, 0x00000000ef900000, 0x00000000ef900000|100%| E|CS|TAMS 0x00000000ef800000, 0x00000000ef800000| Complete 
| 249|0x00000000ef900000, 0x00000000efa00000, 0x00000000efa00000|100%| E|CS|TAMS 0x00000000ef900000, 0x00000000ef900000| Complete 
| 250|0x00000000efa00000, 0x00000000efb00000, 0x00000000efb00000|100%| E|CS|TAMS 0x00000000efa00000, 0x00000000efa00000| Complete 
| 251|0x00000000efb00000, 0x00000000efc00000, 0x00000000efc00000|100%| E|CS|TAMS 0x00000000efb00000, 0x00000000efb00000| Complete 
| 252|0x00000000efc00000, 0x00000000efd00000, 0x00000000efd00000|100%| E|CS|TAMS 0x00000000efc00000, 0x00000000efc00000| Complete 
| 253|0x00000000efd00000, 0x00000000efe00000, 0x00000000efe00000|100%| E|CS|TAMS 0x00000000efd00000, 0x00000000efd00000| Complete 
| 254|0x00000000efe00000, 0x00000000eff00000, 0x00000000eff00000|100%| E|CS|TAMS 0x00000000efe00000, 0x00000000efe00000| Complete 
| 255|0x00000000eff00000, 0x00000000f0000000, 0x00000000f0000000|100%| E|CS|TAMS 0x00000000eff00000, 0x00000000eff00000| Complete 

Card table byte_map: [0x0000022fa3580000,0x0000022fa3680000] _byte_map_base: 0x0000022fa2e80000

Marking Bits (Prev, Next): (CMBitMap*) 0x0000022f8ca2e420, (CMBitMap*) 0x0000022f8ca2e3e0
 Prev Bits: [0x0000022fa3f80000, 0x0000022fa4780000)
 Next Bits: [0x0000022fa3780000, 0x0000022fa3f80000)

Polling page: 0x0000022f8ab90000

Metaspace:

Usage:
  Non-class:     51.57 MB used.
      Class:      8.55 MB used.
       Both:     60.12 MB used.

Virtual space:
  Non-class space:       64.00 MB reserved,      52.00 MB ( 81%) committed,  1 nodes.
      Class space:      320.00 MB reserved,       8.94 MB (  3%) committed,  1 nodes.
             Both:      384.00 MB reserved,      60.94 MB ( 16%) committed. 

Chunk freelists:
   Non-Class:  11.91 MB
       Class:  6.97 MB
        Both:  18.88 MB

MaxMetaspaceSize: 384.00 MB
CompressedClassSpaceSize: 320.00 MB
Initial GC threshold: 21.00 MB
Current GC threshold: 99.00 MB
CDS: on
MetaspaceReclaimPolicy: balanced
 - commit_granule_bytes: 65536.
 - commit_granule_words: 8192.
 - virtual_space_node_default_size: 8388608.
 - enlarge_chunks_in_place: 1.
 - new_chunks_are_fully_committed: 0.
 - uncommit_free_chunks: 1.
 - use_allocation_guard: 0.
 - handle_deallocations: 1.


Internal statistics:

num_allocs_failed_limit: 9.
num_arena_births: 1140.
num_arena_deaths: 2.
num_vsnodes_births: 2.
num_vsnodes_deaths: 0.
num_space_committed: 975.
num_space_uncommitted: 0.
num_chunks_returned_to_freelist: 14.
num_chunks_taken_from_freelist: 3820.
num_chunk_merges: 9.
num_chunk_splits: 2469.
num_chunks_enlarged: 1580.
num_inconsistent_stats: 0.

CodeHeap 'non-profiled nmethods': size=120000Kb used=7268Kb max_used=7268Kb free=112731Kb
 bounds [0x0000022f9c050000, 0x0000022f9c770000, 0x0000022fa3580000]
CodeHeap 'profiled nmethods': size=120000Kb used=16094Kb max_used=16094Kb free=103905Kb
 bounds [0x0000022f94580000, 0x0000022f95540000, 0x0000022f9bab0000]
CodeHeap 'non-nmethods': size=5760Kb used=1677Kb max_used=1789Kb free=4082Kb
 bounds [0x0000022f9bab0000, 0x0000022f9bd20000, 0x0000022f9c050000]
 total_blobs=9492 nmethods=8729 adapters=673
 compilation: enabled
              stopped_count=0, restarted_count=0
 full_count=0

Compilation events (20 events):
Event: 51.431 Thread 0x0000022fa6d71f80 10873  s    3       java.util.zip.Inflater$InflaterZStreamRef::run (21 bytes)
Event: 51.431 Thread 0x0000022fa6d71f80 nmethod 10873 0x0000022f95530310 code [0x0000022f955304c0, 0x0000022f955306e8]
Event: 51.435 Thread 0x0000022fa6d71f80 10874       3       com.google.common.collect.ImmutableList::copyIntoArray (36 bytes)
Event: 51.435 Thread 0x0000022fa6d71f80 nmethod 10874 0x0000022f95530790 code [0x0000022f95530960, 0x0000022f95530e98]
Event: 51.436 Thread 0x0000022fa6d71f80 10875       3       java.util.zip.ZipFile$ZipFileInflaterInputStream::available (44 bytes)
Event: 51.437 Thread 0x0000022fa6d71f80 nmethod 10875 0x0000022f95531010 code [0x0000022f955311e0, 0x0000022f95531548]
Event: 51.443 Thread 0x0000022fa6d71f80 10876       3       org.gradle.internal.classloader.TransformReplacer::ensureOpened (18 bytes)
Event: 51.443 Thread 0x0000022fa6d71f80 nmethod 10876 0x0000022f95531690 code [0x0000022f95531840, 0x0000022f95531a48]
Event: 51.443 Thread 0x0000022fa6d71f80 10877       1       org.gradle.internal.classloader.JarCompat::getJarFile (5 bytes)
Event: 51.443 Thread 0x0000022fa6d71f80 nmethod 10877 0x0000022f9c768f10 code [0x0000022f9c7690a0, 0x0000022f9c769178]
Event: 51.446 Thread 0x0000022fa6d71f80 10878       3       java.lang.ThreadLocal$ThreadLocalMap::set (133 bytes)
Event: 51.447 Thread 0x0000022fa6d71f80 nmethod 10878 0x0000022f95531b10 code [0x0000022f95531da0, 0x0000022f95532a88]
Event: 51.447 Thread 0x0000022fa6d71f80 10879       3       java.lang.ThreadLocal$ThreadLocalMap$Entry::<init> (11 bytes)
Event: 51.447 Thread 0x0000022fa6d71f80 nmethod 10879 0x0000022f95532f10 code [0x0000022f955330e0, 0x0000022f955334b8]
Event: 51.450 Thread 0x0000022fa6d71f80 10880       3       org.codehaus.groovy.reflection.CachedClass::getNewMetaMethods (166 bytes)
Event: 51.451 Thread 0x0000022fa6d71f80 nmethod 10880 0x0000022f95533610 code [0x0000022f95533980, 0x0000022f95535018]
Event: 51.452 Thread 0x0000022fa6d71f80 10881       3       com.google.common.collect.MapMakerInternalMap$Segment::drainValueReferenceQueue (42 bytes)
Event: 51.452 Thread 0x0000022fa6d71f80 nmethod 10881 0x0000022f95535710 code [0x0000022f95535900, 0x0000022f95535eb8]
Event: 51.457 Thread 0x0000022fa6d71f80 10882       3       java.util.Objects::toString (13 bytes)
Event: 51.458 Thread 0x0000022fa6d71f80 nmethod 10882 0x0000022f95536110 code [0x0000022f955362c0, 0x0000022f955364e8]

GC Heap History (20 events):
Event: 35.880 GC heap before
{Heap before GC invocations=46 (full 0):
 garbage-first heap   total 262144K, used 79089K [0x00000000e0000000, 0x0000000100000000)
  region size 1024K, 17 young (17408K), 16 survivors (16384K)
 Metaspace       used 43560K, committed 44224K, reserved 393216K
  class space    used 6149K, committed 6464K, reserved 327680K
}
Event: 35.890 GC heap after
{Heap after GC invocations=47 (full 0):
 garbage-first heap   total 262144K, used 71150K [0x00000000e0000000, 0x0000000100000000)
  region size 1024K, 2 young (2048K), 2 survivors (2048K)
 Metaspace       used 43560K, committed 44224K, reserved 393216K
  class space    used 6149K, committed 6464K, reserved 327680K
}
Event: 40.094 GC heap before
{Heap before GC invocations=47 (full 0):
 garbage-first heap   total 262144K, used 219630K [0x00000000e0000000, 0x0000000100000000)
  region size 1024K, 146 young (149504K), 2 survivors (2048K)
 Metaspace       used 50918K, committed 51584K, reserved 393216K
  class space    used 7187K, committed 7488K, reserved 327680K
}
Event: 40.104 GC heap after
{Heap after GC invocations=48 (full 0):
 garbage-first heap   total 262144K, used 76644K [0x00000000e0000000, 0x0000000100000000)
  region size 1024K, 7 young (7168K), 7 survivors (7168K)
 Metaspace       used 50918K, committed 51584K, reserved 393216K
  class space    used 7187K, committed 7488K, reserved 327680K
}
Event: 44.062 GC heap before
{Heap before GC invocations=48 (full 0):
 garbage-first heap   total 262144K, used 215908K [0x00000000e0000000, 0x0000000100000000)
  region size 1024K, 144 young (147456K), 7 survivors (7168K)
 Metaspace       used 51747K, committed 52352K, reserved 393216K
  class space    used 7268K, committed 7552K, reserved 327680K
}
Event: 44.070 GC heap after
{Heap after GC invocations=49 (full 0):
 garbage-first heap   total 262144K, used 81159K [0x00000000e0000000, 0x0000000100000000)
  region size 1024K, 12 young (12288K), 12 survivors (12288K)
 Metaspace       used 51747K, committed 52352K, reserved 393216K
  class space    used 7268K, committed 7552K, reserved 327680K
}
Event: 44.520 GC heap before
{Heap before GC invocations=49 (full 0):
 garbage-first heap   total 262144K, used 220423K [0x00000000e0000000, 0x0000000100000000)
  region size 1024K, 146 young (149504K), 12 survivors (12288K)
 Metaspace       used 51931K, committed 52608K, reserved 393216K
  class space    used 7271K, committed 7552K, reserved 327680K
}
Event: 44.529 GC heap after
{Heap after GC invocations=50 (full 0):
 garbage-first heap   total 262144K, used 88326K [0x00000000e0000000, 0x0000000100000000)
  region size 1024K, 10 young (10240K), 10 survivors (10240K)
 Metaspace       used 51931K, committed 52608K, reserved 393216K
  class space    used 7271K, committed 7552K, reserved 327680K
}
Event: 44.960 GC heap before
{Heap before GC invocations=50 (full 0):
 garbage-first heap   total 262144K, used 217350K [0x00000000e0000000, 0x0000000100000000)
  region size 1024K, 137 young (140288K), 10 survivors (10240K)
 Metaspace       used 52071K, committed 52672K, reserved 393216K
  class space    used 7272K, committed 7552K, reserved 327680K
}
Event: 44.964 GC heap after
{Heap after GC invocations=51 (full 0):
 garbage-first heap   total 262144K, used 84210K [0x00000000e0000000, 0x0000000100000000)
  region size 1024K, 8 young (8192K), 8 survivors (8192K)
 Metaspace       used 52071K, committed 52672K, reserved 393216K
  class space    used 7272K, committed 7552K, reserved 327680K
}
Event: 45.340 GC heap before
{Heap before GC invocations=51 (full 0):
 garbage-first heap   total 262144K, used 219378K [0x00000000e0000000, 0x0000000100000000)
  region size 1024K, 141 young (144384K), 8 survivors (8192K)
 Metaspace       used 52137K, committed 52800K, reserved 393216K
  class space    used 7272K, committed 7552K, reserved 327680K
}
Event: 45.344 GC heap after
{Heap after GC invocations=52 (full 0):
 garbage-first heap   total 262144K, used 83672K [0x00000000e0000000, 0x0000000100000000)
  region size 1024K, 8 young (8192K), 8 survivors (8192K)
 Metaspace       used 52137K, committed 52800K, reserved 393216K
  class space    used 7272K, committed 7552K, reserved 327680K
}
Event: 45.600 GC heap before
{Heap before GC invocations=52 (full 0):
 garbage-first heap   total 262144K, used 221912K [0x00000000e0000000, 0x0000000100000000)
  region size 1024K, 143 young (146432K), 8 survivors (8192K)
 Metaspace       used 52160K, committed 52800K, reserved 393216K
  class space    used 7272K, committed 7552K, reserved 327680K
}
Event: 45.604 GC heap after
{Heap after GC invocations=53 (full 0):
 garbage-first heap   total 262144K, used 84314K [0x00000000e0000000, 0x0000000100000000)
  region size 1024K, 8 young (8192K), 8 survivors (8192K)
 Metaspace       used 52160K, committed 52800K, reserved 393216K
  class space    used 7272K, committed 7552K, reserved 327680K
}
Event: 46.099 GC heap before
{Heap before GC invocations=53 (full 0):
 garbage-first heap   total 262144K, used 224602K [0x00000000e0000000, 0x0000000100000000)
  region size 1024K, 145 young (148480K), 8 survivors (8192K)
 Metaspace       used 52308K, committed 53056K, reserved 393216K
  class space    used 7298K, committed 7680K, reserved 327680K
}
Event: 46.102 GC heap after
{Heap after GC invocations=54 (full 0):
 garbage-first heap   total 262144K, used 82639K [0x00000000e0000000, 0x0000000100000000)
  region size 1024K, 7 young (7168K), 7 survivors (7168K)
 Metaspace       used 52308K, committed 53056K, reserved 393216K
  class space    used 7298K, committed 7680K, reserved 327680K
}
Event: 49.141 GC heap before
{Heap before GC invocations=54 (full 0):
 garbage-first heap   total 262144K, used 224975K [0x00000000e0000000, 0x0000000100000000)
  region size 1024K, 146 young (149504K), 7 survivors (7168K)
 Metaspace       used 55451K, committed 56256K, reserved 393216K
  class space    used 7743K, committed 8128K, reserved 327680K
}
Event: 49.150 GC heap after
{Heap after GC invocations=55 (full 0):
 garbage-first heap   total 262144K, used 87277K [0x00000000e0000000, 0x0000000100000000)
  region size 1024K, 11 young (11264K), 11 survivors (11264K)
 Metaspace       used 55451K, committed 56256K, reserved 393216K
  class space    used 7743K, committed 8128K, reserved 327680K
}
Event: 51.080 GC heap before
{Heap before GC invocations=55 (full 0):
 garbage-first heap   total 262144K, used 147693K [0x00000000e0000000, 0x0000000100000000)
  region size 1024K, 72 young (73728K), 11 survivors (11264K)
 Metaspace       used 59967K, committed 60736K, reserved 393216K
  class space    used 8469K, committed 8832K, reserved 327680K
}
Event: 51.094 GC heap after
{Heap after GC invocations=56 (full 0):
 garbage-first heap   total 262144K, used 89296K [0x00000000e0000000, 0x0000000100000000)
  region size 1024K, 9 young (9216K), 9 survivors (9216K)
 Metaspace       used 59967K, committed 60736K, reserved 393216K
  class space    used 8469K, committed 8832K, reserved 327680K
}

Dll operation events (15 events):
Event: 0.018 Loaded shared library C:\Users\Miha\.jdks\corretto-17.0.18\bin\java.dll
Event: 0.097 Loaded shared library C:\Users\Miha\.jdks\corretto-17.0.18\bin\jsvml.dll
Event: 0.255 Loaded shared library C:\Users\Miha\.jdks\corretto-17.0.18\bin\zip.dll
Event: 0.260 Loaded shared library C:\Users\Miha\.jdks\corretto-17.0.18\bin\instrument.dll
Event: 0.266 Loaded shared library C:\Users\Miha\.jdks\corretto-17.0.18\bin\net.dll
Event: 0.268 Loaded shared library C:\Users\Miha\.jdks\corretto-17.0.18\bin\nio.dll
Event: 0.270 Loaded shared library C:\Users\Miha\.jdks\corretto-17.0.18\bin\zip.dll
Event: 0.793 Loaded shared library C:\Users\Miha\.jdks\corretto-17.0.18\bin\jimage.dll
Event: 1.958 Loaded shared library C:\Users\Miha\.jdks\corretto-17.0.18\bin\verify.dll
Event: 2.034 Loaded shared library C:\Users\Miha\.gradle\native\660c5614fbf4a5f2a75b1949f50a0caf5cd603558e7d8a26e50b933a0cfb79d1\windows-amd64\native-platform.dll
Event: 2.153 Loaded shared library C:\Users\Miha\.gradle\native\0.2.8\x86_64-windows-gnu\gradle-fileevents.dll
Event: 9.493 Loaded shared library C:\Users\Miha\.jdks\corretto-17.0.18\bin\management.dll
Event: 9.816 Loaded shared library C:\Users\Miha\.jdks\corretto-17.0.18\bin\management_ext.dll
Event: 11.039 Loaded shared library C:\Users\Miha\.jdks\corretto-17.0.18\bin\extnet.dll
Event: 11.731 Loaded shared library C:\Users\Miha\.jdks\corretto-17.0.18\bin\sunmscapi.dll

Deoptimization events (20 events):
Event: 51.374 Thread 0x0000022fc21f2aa0 Uncommon trap: trap_request=0xffffffc6 fr.pc=0x0000022f9c67c6e0 relative=0x000000000000a7c0
Event: 51.374 Thread 0x0000022fc21f2aa0 Uncommon trap: reason=bimorphic_or_optimized_type_check action=maybe_recompile pc=0x0000022f9c67c6e0 method=org.objectweb.asm.ClassReader.readCode(Lorg/objectweb/asm/MethodVisitor;Lorg/objectweb/asm/Context;I)V @ 3864 c2
Event: 51.374 Thread 0x0000022fc21f2aa0 DEOPT PACKING pc=0x0000022f9c67c6e0 sp=0x000000e1366f09d0
Event: 51.374 Thread 0x0000022fc21f2aa0 DEOPT UNPACKING pc=0x0000022f9bb069a3 sp=0x000000e1366f0960 mode 2
Event: 51.374 Thread 0x0000022fc21f2aa0 Uncommon trap: trap_request=0xffffffde fr.pc=0x0000022f9c501bc4 relative=0x0000000000001044
Event: 51.374 Thread 0x0000022fc21f2aa0 Uncommon trap: reason=class_check action=maybe_recompile pc=0x0000022f9c501bc4 method=java.lang.ClassLoader.getDefinedPackage(Ljava/lang/String;)Ljava/lang/Package; @ 16 c2
Event: 51.374 Thread 0x0000022fc21f2aa0 DEOPT PACKING pc=0x0000022f9c501bc4 sp=0x000000e1366f0f00
Event: 51.374 Thread 0x0000022fc21f2aa0 DEOPT UNPACKING pc=0x0000022f9bb069a3 sp=0x000000e1366f0ec8 mode 2
Event: 51.375 Thread 0x0000022fc21f2aa0 Uncommon trap: trap_request=0xffffffd6 fr.pc=0x0000022f9c393750 relative=0x00000000000003b0
Event: 51.375 Thread 0x0000022fc21f2aa0 Uncommon trap: reason=array_check action=maybe_recompile pc=0x0000022f9c393750 method=java.util.LinkedHashMap.keysToArray([Ljava/lang/Object;)[Ljava/lang/Object; @ 25 c2
Event: 51.375 Thread 0x0000022fc21f2aa0 DEOPT PACKING pc=0x0000022f9c393750 sp=0x000000e1366f5830
Event: 51.375 Thread 0x0000022fc21f2aa0 DEOPT UNPACKING pc=0x0000022f9bb069a3 sp=0x000000e1366f57d8 mode 2
Event: 51.376 Thread 0x0000022fc21f2aa0 Uncommon trap: trap_request=0xffffffd6 fr.pc=0x0000022f9c393750 relative=0x00000000000003b0
Event: 51.376 Thread 0x0000022fc21f2aa0 Uncommon trap: reason=array_check action=maybe_recompile pc=0x0000022f9c393750 method=java.util.LinkedHashMap.keysToArray([Ljava/lang/Object;)[Ljava/lang/Object; @ 25 c2
Event: 51.376 Thread 0x0000022fc21f2aa0 DEOPT PACKING pc=0x0000022f9c393750 sp=0x000000e1366f56e0
Event: 51.376 Thread 0x0000022fc21f2aa0 DEOPT UNPACKING pc=0x0000022f9bb069a3 sp=0x000000e1366f5688 mode 2
Event: 51.459 Thread 0x0000022fc21f2aa0 Uncommon trap: trap_request=0xffffff45 fr.pc=0x0000022f9c613508 relative=0x00000000000007a8
Event: 51.459 Thread 0x0000022fc21f2aa0 Uncommon trap: reason=unstable_if action=reinterpret pc=0x0000022f9c613508 method=java.lang.ThreadLocal$ThreadLocalMap.set(Ljava/lang/ThreadLocal;Ljava/lang/Object;)V @ 116 c2
Event: 51.459 Thread 0x0000022fc21f2aa0 DEOPT PACKING pc=0x0000022f9c613508 sp=0x000000e1366f61d0
Event: 51.459 Thread 0x0000022fc21f2aa0 DEOPT UNPACKING pc=0x0000022f9bb069a3 sp=0x000000e1366f6120 mode 2

Classes loaded (20 events):
Event: 50.960 Loading class jdk/xml/internal/XMLSecurityManager$NameMap
Event: 50.960 Loading class jdk/xml/internal/XMLSecurityManager$NameMap done
Event: 50.960 Loading class com/sun/org/apache/xerces/internal/utils/XMLSecurityPropertyManager
Event: 50.961 Loading class com/sun/org/apache/xerces/internal/utils/XMLSecurityPropertyManager done
Event: 50.961 Loading class com/sun/org/apache/xerces/internal/utils/XMLSecurityPropertyManager$State
Event: 50.961 Loading class com/sun/org/apache/xerces/internal/utils/XMLSecurityPropertyManager$State done
Event: 50.961 Loading class com/sun/org/apache/xerces/internal/utils/XMLSecurityPropertyManager$Property
Event: 50.961 Loading class com/sun/org/apache/xerces/internal/utils/XMLSecurityPropertyManager$Property done
Event: 50.961 Loading class javax/xml/parsers/DocumentBuilderFactory
Event: 50.962 Loading class javax/xml/parsers/DocumentBuilderFactory done
Event: 50.962 Loading class javax/xml/parsers/FactoryFinder
Event: 50.962 Loading class javax/xml/parsers/FactoryFinder done
Event: 50.963 Loading class javax/xml/parsers/FactoryFinder$1
Event: 50.963 Loading class javax/xml/parsers/FactoryFinder$1 done
Event: 50.964 Loading class com/sun/org/apache/xerces/internal/jaxp/DocumentBuilderFactoryImpl
Event: 50.964 Loading class com/sun/org/apache/xerces/internal/jaxp/DocumentBuilderFactoryImpl done
Event: 50.991 Loading class java/util/regex/Pattern$SliceI
Event: 50.991 Loading class java/util/regex/Pattern$SliceI done
Event: 51.267 Loading class java/beans/PropertyChangeListener
Event: 51.267 Loading class java/beans/PropertyChangeListener done

Classes unloaded (3 events):
Event: 51.156 Thread 0x0000022fa6d48310 Unloading class 0x0000022fa86b4000 '_BuildScript_$_run_closure1$_closure2'
Event: 51.156 Thread 0x0000022fa6d48310 Unloading class 0x0000022fa86a8400 '_BuildScript_$_run_closure1'
Event: 51.156 Thread 0x0000022fa6d48310 Unloading class 0x0000022fa86a8800 '_BuildScript_'

Classes redefined (0 events):
No events

Internal exceptions (20 events):
Event: 49.526 Thread 0x0000022fc21f2aa0 Exception <a 'java/lang/NoSuchMethodError'{0x00000000ef8eb430}: 'java.lang.Object java.lang.invoke.Invokers$Holder.linkToCallSite(java.lang.Object, int, java.lang.Object, java.lang.Object)'> (0x00000000ef8eb430) 
thrown [s\src\hotspot\share\interpreter\linkResolver.cpp, line 759]
Event: 49.526 Thread 0x0000022fc21f2aa0 Exception <a 'java/lang/NoSuchMethodError'{0x00000000ef8f0020}: 'void java.lang.invoke.DirectMethodHandle$Holder.invokeVirtual(java.lang.Object, java.lang.Object, int, java.lang.Object)'> (0x00000000ef8f0020) 
thrown [s\src\hotspot\share\interpreter\linkResolver.cpp, line 759]
Event: 49.527 Thread 0x0000022fc21f2aa0 Exception <a 'java/lang/NoSuchMethodError'{0x00000000ef8f4838}: 'void java.lang.invoke.DelegatingMethodHandle$Holder.reinvoke_L(java.lang.Object, java.lang.Object, int, java.lang.Object)'> (0x00000000ef8f4838) 
thrown [s\src\hotspot\share\interpreter\linkResolver.cpp, line 759]
Event: 49.545 Thread 0x0000022fc21f2aa0 Exception <a 'java/lang/NoSuchMethodError'{0x00000000ef755480}: 'java.lang.Object java.lang.invoke.Invokers$Holder.linkToCallSite(java.lang.Object, java.lang.Object, int, java.lang.Object)'> (0x00000000ef755480) 
thrown [s\src\hotspot\share\interpreter\linkResolver.cpp, line 759]
Event: 49.548 Thread 0x0000022fc21f2aa0 Exception <a 'java/lang/NoSuchMethodError'{0x00000000ef768f88}: 'java.lang.Object java.lang.invoke.DelegatingMethodHandle$Holder.delegate(java.lang.Object, java.lang.Object, java.lang.Object, java.lang.Object, int)'> (0x00000000ef768f88) 
thrown [s\src\hotspot\share\interpreter\linkResolver.cpp, line 759]
Event: 49.578 Thread 0x0000022fc21f2aa0 Exception <a 'java/lang/ClassNotFoundException'{0x00000000ef7c4fb0}: org/gradle/plugin/use/internal/PluginRequestCollector$PluginDependenciesSpecImplBeanInfo> (0x00000000ef7c4fb0) 
thrown [s\src\hotspot\share\classfile\systemDictionary.cpp, line 256]
Event: 49.579 Thread 0x0000022fc21f2aa0 Exception <a 'java/lang/ClassNotFoundException'{0x00000000ef7db800}: org/gradle/plugin/use/internal/PluginRequestCollector$PluginDependenciesSpecImplCustomizer> (0x00000000ef7db800) 
thrown [s\src\hotspot\share\classfile\systemDictionary.cpp, line 256]
Event: 49.590 Thread 0x0000022fc21f2aa0 Exception <a 'java/lang/ClassNotFoundException'{0x00000000ef630590}: org/gradle/plugin/use/internal/PluginRequestCollector$PluginDependencySpecImplBeanInfo> (0x00000000ef630590) 
thrown [s\src\hotspot\share\classfile\systemDictionary.cpp, line 256]
Event: 49.591 Thread 0x0000022fc21f2aa0 Exception <a 'java/lang/ClassNotFoundException'{0x00000000ef646d78}: org/gradle/plugin/use/internal/PluginRequestCollector$PluginDependencySpecImplCustomizer> (0x00000000ef646d78) 
thrown [s\src\hotspot\share\classfile\systemDictionary.cpp, line 256]
Event: 49.970 Thread 0x0000022fc21f2aa0 Exception <a 'java/lang/NoSuchMethodError'{0x00000000eebf5b88}: 'int java.lang.invoke.DirectMethodHandle$Holder.invokeSpecialIFC(java.lang.Object, java.lang.Object, java.lang.Object)'> (0x00000000eebf5b88) 
thrown [s\src\hotspot\share\interpreter\linkResolver.cpp, line 759]
Event: 50.030 Thread 0x0000022fc21f2aa0 Exception <a 'java/lang/NoSuchMethodError'{0x00000000ee7daed0}: 'void java.lang.invoke.DirectMethodHandle$Holder.invokeStatic(java.lang.Object, java.lang.Object, java.lang.Object, int, java.lang.Object)'> (0x00000000ee7daed0) 
thrown [s\src\hotspot\share\interpreter\linkResolver.cpp, line 759]
Event: 50.041 Thread 0x0000022fc21f2aa0 Implicit null exception at 0x0000022f9c29ec70 to 0x0000022f9c29f23c
Event: 51.318 Thread 0x0000022fc21f2aa0 Exception <a 'java/lang/IncompatibleClassChangeError'{0x00000000ef78a2a0}: Found class java.lang.Object, but interface was expected> (0x00000000ef78a2a0) 
thrown [s\src\hotspot\share\interpreter\linkResolver.cpp, line 826]
Event: 51.321 Thread 0x0000022fc21f2aa0 Exception <a 'java/lang/IncompatibleClassChangeError'{0x00000000ef7adf90}: Found class java.lang.Object, but interface was expected> (0x00000000ef7adf90) 
thrown [s\src\hotspot\share\interpreter\linkResolver.cpp, line 826]
Event: 51.321 Thread 0x0000022fc21f2aa0 Exception <a 'java/lang/IncompatibleClassChangeError'{0x00000000ef7b2898}: Found class java.lang.Object, but interface was expected> (0x00000000ef7b2898) 
thrown [s\src\hotspot\share\interpreter\linkResolver.cpp, line 826]
Event: 51.429 Thread 0x0000022fc21f2aa0 Exception <a 'java/lang/NoClassDefFoundError'{0x00000000eef60eb8}: org/jetbrains/kotlin/gradle/plugin/KotlinPluginWrapper> (0x00000000eef60eb8) 
thrown [s\src\hotspot\share\classfile\systemDictionary.cpp, line 245]
Event: 51.429 Thread 0x0000022fc21f2aa0 Exception <a 'java/lang/NoClassDefFoundError'{0x00000000eef68198}: org/graalvm/buildtools/gradle/NativeImagePlugin> (0x00000000eef68198) 
thrown [s\src\hotspot\share\classfile\systemDictionary.cpp, line 245]
Event: 51.429 Thread 0x0000022fc21f2aa0 Exception <a 'java/lang/NoClassDefFoundError'{0x00000000eef6f3b0}: org/cyclonedx/gradle/CyclonedxPlugin> (0x00000000eef6f3b0) 
thrown [s\src\hotspot\share\classfile\systemDictionary.cpp, line 245]
Event: 51.451 Thread 0x0000022fc21f2aa0 Exception <a 'java/lang/ClassNotFoundException'{0x00000000eed3e3a8}: io/spring/gradle/dependencymanagement/internal/dsl/StandardDependencyManagementExtensionBeanInfo> (0x00000000eed3e3a8) 
thrown [s\src\hotspot\share\classfile\systemDictionary.cpp, line 256]
Event: 51.451 Thread 0x0000022fc21f2aa0 Exception <a 'java/lang/ClassNotFoundException'{0x00000000eed49f88}: io/spring/gradle/dependencymanagement/internal/dsl/StandardDependencyManagementExtensionCustomizer> (0x00000000eed49f88) 
thrown [s\src\hotspot\share\classfile\systemDictionary.cpp, line 256]

VM Operations (20 events):
Event: 49.983 Executing VM operation: HandshakeAllThreads
Event: 49.983 Executing VM operation: HandshakeAllThreads done
Event: 50.043 Executing VM operation: HandshakeAllThreads
Event: 50.044 Executing VM operation: HandshakeAllThreads done
Event: 50.105 Executing VM operation: ICBufferFull
Event: 50.105 Executing VM operation: ICBufferFull done
Event: 50.643 Executing VM operation: ICBufferFull
Event: 50.643 Executing VM operation: ICBufferFull done
Event: 50.702 Executing VM operation: HandshakeAllThreads
Event: 50.702 Executing VM operation: HandshakeAllThreads done
Event: 50.790 Executing VM operation: ICBufferFull
Event: 50.790 Executing VM operation: ICBufferFull done
Event: 50.976 Executing VM operation: HandshakeAllThreads
Event: 50.976 Executing VM operation: HandshakeAllThreads done
Event: 51.079 Executing VM operation: CollectForMetadataAllocation
Event: 51.094 Executing VM operation: CollectForMetadataAllocation done
Event: 51.155 Executing VM operation: G1PauseRemark
Event: 51.162 Executing VM operation: G1PauseRemark done
Event: 51.193 Executing VM operation: G1PauseCleanup
Event: 51.196 Executing VM operation: G1PauseCleanup done

Memory protections (0 events):
No events

Nmethod flushes (20 events):
Event: 50.708 Thread 0x0000022fc001a470 flushing  nmethod 0x0000022f94e83990
Event: 50.709 Thread 0x0000022fc001a470 flushing  nmethod 0x0000022f94fc5c10
Event: 50.709 Thread 0x0000022fc001a470 flushing  nmethod 0x0000022f94fcf010
Event: 50.709 Thread 0x0000022fc001a470 flushing  nmethod 0x0000022f94fcf390
Event: 50.709 Thread 0x0000022fc001a470 flushing  nmethod 0x0000022f95034990
Event: 50.709 Thread 0x0000022fc001a470 flushing  nmethod 0x0000022f95036510
Event: 50.709 Thread 0x0000022fc001a470 flushing  nmethod 0x0000022f95067e90
Event: 50.709 Thread 0x0000022fc001a470 flushing  nmethod 0x0000022f950be390
Event: 50.710 Thread 0x0000022fc001a470 flushing  nmethod 0x0000022f95127090
Event: 50.710 Thread 0x0000022fc001a470 flushing  nmethod 0x0000022f95191c90
Event: 50.710 Thread 0x0000022fc001a470 flushing  nmethod 0x0000022f951ae810
Event: 50.710 Thread 0x0000022fc001a470 flushing  nmethod 0x0000022f951aee10
Event: 50.710 Thread 0x0000022fc001a470 flushing  nmethod 0x0000022f951b7210
Event: 50.710 Thread 0x0000022fc001a470 flushing  nmethod 0x0000022f951c8310
Event: 50.710 Thread 0x0000022fc001a470 flushing  nmethod 0x0000022f951d1e90
Event: 50.710 Thread 0x0000022fc001a470 flushing  nmethod 0x0000022f95251d10
Event: 50.710 Thread 0x0000022fc001a470 flushing  nmethod 0x0000022f95291010
Event: 50.710 Thread 0x0000022fc001a470 flushing  nmethod 0x0000022f952a3a10
Event: 50.711 Thread 0x0000022fc001a470 flushing  nmethod 0x0000022f9534ff90
Event: 50.711 Thread 0x0000022fc001a470 flushing  nmethod 0x0000022f95354790

Events (20 events):
Event: 39.013 Thread 0x0000022fc21f2aa0 Thread added: 0x0000022fc45e2ed0
Event: 39.090 Thread 0x0000022fa6d71f80 Thread added: 0x0000022fc45e00c0
Event: 39.363 Thread 0x0000022fc45e00c0 Thread exited: 0x0000022fc45e00c0
Event: 39.947 Thread 0x0000022fa6d71f80 Thread added: 0x0000022fc38a19a0
Event: 40.991 Thread 0x0000022fc21f2aa0 Thread added: 0x0000022fc45e7fd0
Event: 41.157 Thread 0x0000022fc38a19a0 Thread exited: 0x0000022fc38a19a0
Event: 41.456 Thread 0x0000022fa6d71f80 Thread added: 0x0000022fc35441e0
Event: 41.696 Thread 0x0000022fc35441e0 Thread exited: 0x0000022fc35441e0
Event: 42.123 Thread 0x0000022fa6d71f80 Thread added: 0x0000022fc45e00c0
Event: 46.429 Thread 0x0000022fc45e00c0 Thread exited: 0x0000022fc45e00c0
Event: 46.437 Thread 0x0000022fa6d6f5b0 Thread added: 0x0000022fc02c6ef0
Event: 46.569 Thread 0x0000022fc02c6ef0 Thread exited: 0x0000022fc02c6ef0
Event: 46.644 Thread 0x0000022fa6d71f80 Thread added: 0x0000022fc02c6ef0
Event: 47.816 Thread 0x0000022fc02c6ef0 Thread exited: 0x0000022fc02c6ef0
Event: 48.382 Thread 0x0000022fa6d71f80 Thread added: 0x0000022fc02c6ef0
Event: 48.603 Thread 0x0000022fc02c6ef0 Thread exited: 0x0000022fc02c6ef0
Event: 49.334 Thread 0x0000022fa6d71f80 Thread added: 0x0000022fc7f6ba20
Event: 49.932 Thread 0x0000022fc7f6ba20 Thread exited: 0x0000022fc7f6ba20
Event: 50.558 Thread 0x0000022fa6d71f80 Thread added: 0x0000022fc01c7820
Event: 51.012 Thread 0x0000022fc21f2aa0 Thread added: 0x0000022fc45e6170


Dynamic libraries:
0x00007ff7e2ff0000 - 0x00007ff7e2ffe000 	C:\Users\Miha\.jdks\corretto-17.0.18\bin\java.exe
0x00007ffe68710000 - 0x00007ffe68908000 	C:\WINDOWS\SYSTEM32\ntdll.dll
0x00007ffe675d0000 - 0x00007ffe67692000 	C:\WINDOWS\System32\KERNEL32.DLL
0x00007ffe656b0000 - 0x00007ffe659a6000 	C:\WINDOWS\System32\KERNELBASE.dll
0x00007ffe64cc0000 - 0x00007ffe64dc0000 	C:\WINDOWS\System32\ucrtbase.dll
0x00007ffe2ec50000 - 0x00007ffe2ec68000 	C:\Users\Miha\.jdks\corretto-17.0.18\bin\jli.dll
0x00007ffe66fb0000 - 0x00007ffe67151000 	C:\WINDOWS\System32\USER32.dll
0x00007ffe659b0000 - 0x00007ffe659d2000 	C:\WINDOWS\System32\win32u.dll
0x00007ffe67e10000 - 0x00007ffe67e3b000 	C:\WINDOWS\System32\GDI32.dll
0x00007ffe659e0000 - 0x00007ffe65af9000 	C:\WINDOWS\System32\gdi32full.dll
0x00007ffe65b10000 - 0x00007ffe65bad000 	C:\WINDOWS\System32\msvcp_win.dll
0x00007ffe2e450000 - 0x00007ffe2e46e000 	C:\Users\Miha\.jdks\corretto-17.0.18\bin\VCRUNTIME140.dll
0x00007ffe4dda0000 - 0x00007ffe4e03b000 	C:\WINDOWS\WinSxS\amd64_microsoft.windows.common-controls_6595b64144ccf1df_6.0.19041.6456_none_60b8a6cb71f64256\COMCTL32.dll
0x00007ffe66d40000 - 0x00007ffe66dde000 	C:\WINDOWS\System32\msvcrt.dll
0x00007ffe67eb0000 - 0x00007ffe67edf000 	C:\WINDOWS\System32\IMM32.DLL
0x00007ffe45ce0000 - 0x00007ffe45cec000 	C:\Users\Miha\.jdks\corretto-17.0.18\bin\vcruntime140_1.dll
0x00007ffe2cde0000 - 0x00007ffe2ce69000 	C:\Users\Miha\.jdks\corretto-17.0.18\bin\msvcp140.dll
0x00007ffe26e40000 - 0x00007ffe27ab4000 	C:\Users\Miha\.jdks\corretto-17.0.18\bin\server\jvm.dll
0x00007ffe67fb0000 - 0x00007ffe68061000 	C:\WINDOWS\System32\ADVAPI32.dll
0x00007ffe662f0000 - 0x00007ffe6638f000 	C:\WINDOWS\System32\sechost.dll
0x00007ffe65d40000 - 0x00007ffe65e60000 	C:\WINDOWS\System32\RPCRT4.dll
0x00007ffe65d10000 - 0x00007ffe65d37000 	C:\WINDOWS\System32\bcrypt.dll
0x00007ffe67e40000 - 0x00007ffe67eab000 	C:\WINDOWS\System32\WS2_32.dll
0x00007ffe64100000 - 0x00007ffe6414b000 	C:\WINDOWS\SYSTEM32\POWRPROF.dll
0x00007ffe55530000 - 0x00007ffe55557000 	C:\WINDOWS\SYSTEM32\WINMM.dll
0x00007ffe5e030000 - 0x00007ffe5e03a000 	C:\WINDOWS\SYSTEM32\VERSION.dll
0x00007ffe63fd0000 - 0x00007ffe63fe2000 	C:\WINDOWS\SYSTEM32\UMPDC.dll
0x00007ffe63210000 - 0x00007ffe63222000 	C:\WINDOWS\SYSTEM32\kernel.appcore.dll
0x00007ffe362e0000 - 0x00007ffe362ea000 	C:\Users\Miha\.jdks\corretto-17.0.18\bin\jimage.dll
0x00007ffe54bd0000 - 0x00007ffe54dd1000 	C:\WINDOWS\SYSTEM32\DBGHELP.DLL
0x00007ffe3fae0000 - 0x00007ffe3fb14000 	C:\WINDOWS\SYSTEM32\dbgcore.DLL
0x00007ffe65570000 - 0x00007ffe655f2000 	C:\WINDOWS\System32\bcryptPrimitives.dll
0x00007ffe35270000 - 0x00007ffe3527f000 	C:\Users\Miha\.jdks\corretto-17.0.18\bin\instrument.dll
0x00007ffe2cdb0000 - 0x00007ffe2cdd6000 	C:\Users\Miha\.jdks\corretto-17.0.18\bin\java.dll
0x00007ffe2ccd0000 - 0x00007ffe2cda7000 	C:\Users\Miha\.jdks\corretto-17.0.18\bin\jsvml.dll
0x00007ffe676a0000 - 0x00007ffe67e10000 	C:\WINDOWS\System32\SHELL32.dll
0x00007ffe64dc0000 - 0x00007ffe65565000 	C:\WINDOWS\System32\windows.storage.dll
0x00007ffe65f80000 - 0x00007ffe662d4000 	C:\WINDOWS\System32\combase.dll
0x00007ffe64b90000 - 0x00007ffe64bbb000 	C:\WINDOWS\System32\Wldp.dll
0x00007ffe67ee0000 - 0x00007ffe67fad000 	C:\WINDOWS\System32\OLEAUT32.dll
0x00007ffe663f0000 - 0x00007ffe6649d000 	C:\WINDOWS\System32\SHCORE.dll
0x00007ffe68640000 - 0x00007ffe6869b000 	C:\WINDOWS\System32\shlwapi.dll
0x00007ffe64ac0000 - 0x00007ffe64ae4000 	C:\WINDOWS\SYSTEM32\profapi.dll
0x00007ffe2e270000 - 0x00007ffe2e288000 	C:\Users\Miha\.jdks\corretto-17.0.18\bin\zip.dll
0x00007ffe2cc80000 - 0x00007ffe2cc9b000 	C:\Users\Miha\.jdks\corretto-17.0.18\bin\net.dll
0x00007ffe5c8f0000 - 0x00007ffe5c9fa000 	C:\WINDOWS\SYSTEM32\WINHTTP.dll
0x00007ffe64350000 - 0x00007ffe643ba000 	C:\WINDOWS\system32\mswsock.dll
0x00007ffe2cc60000 - 0x00007ffe2cc76000 	C:\Users\Miha\.jdks\corretto-17.0.18\bin\nio.dll
0x00007ffe35230000 - 0x00007ffe35240000 	C:\Users\Miha\.jdks\corretto-17.0.18\bin\verify.dll
0x00007ffe2ec70000 - 0x00007ffe2ec97000 	C:\Users\Miha\.gradle\native\660c5614fbf4a5f2a75b1949f50a0caf5cd603558e7d8a26e50b933a0cfb79d1\windows-amd64\native-platform.dll
0x00007ffe2cbe0000 - 0x00007ffe2cc57000 	C:\Users\Miha\.gradle\native\0.2.8\x86_64-windows-gnu\gradle-fileevents.dll
0x00007ffe33ba0000 - 0x00007ffe33baa000 	C:\Users\Miha\.jdks\corretto-17.0.18\bin\management.dll
0x00007ffe30960000 - 0x00007ffe3096c000 	C:\Users\Miha\.jdks\corretto-17.0.18\bin\management_ext.dll
0x00007ffe662e0000 - 0x00007ffe662e8000 	C:\WINDOWS\System32\PSAPI.DLL
0x00007ffe63ff0000 - 0x00007ffe6402b000 	C:\WINDOWS\SYSTEM32\IPHLPAPI.DLL
0x00007ffe66de0000 - 0x00007ffe66de8000 	C:\WINDOWS\System32\NSI.dll
0x00007ffe5dec0000 - 0x00007ffe5ded7000 	C:\WINDOWS\SYSTEM32\dhcpcsvc6.DLL
0x00007ffe5e310000 - 0x00007ffe5e32d000 	C:\WINDOWS\SYSTEM32\dhcpcsvc.DLL
0x00007ffe64030000 - 0x00007ffe640fa000 	C:\WINDOWS\SYSTEM32\DNSAPI.dll
0x00007ffe303b0000 - 0x00007ffe303b9000 	C:\Users\Miha\.jdks\corretto-17.0.18\bin\extnet.dll
0x00007ffe64550000 - 0x00007ffe64568000 	C:\WINDOWS\SYSTEM32\CRYPTSP.dll
0x00007ffe63c10000 - 0x00007ffe63c48000 	C:\WINDOWS\system32\rsaenh.dll
0x00007ffe64a80000 - 0x00007ffe64aae000 	C:\WINDOWS\SYSTEM32\USERENV.dll
0x00007ffe64540000 - 0x00007ffe6454c000 	C:\WINDOWS\SYSTEM32\CRYPTBASE.dll
0x00007ffe2ef80000 - 0x00007ffe2ef8e000 	C:\Users\Miha\.jdks\corretto-17.0.18\bin\sunmscapi.dll
0x00007ffe65bb0000 - 0x00007ffe65d0d000 	C:\WINDOWS\System32\CRYPT32.dll
0x00007ffe64630000 - 0x00007ffe64657000 	C:\WINDOWS\SYSTEM32\ncrypt.dll
0x00007ffe645f0000 - 0x00007ffe6462b000 	C:\WINDOWS\SYSTEM32\NTASN1.dll
0x00007ffe4c5e0000 - 0x00007ffe4c5e7000 	C:\WINDOWS\system32\wshunix.dll
0x00007ffe63e60000 - 0x00007ffe63e93000 	C:\WINDOWS\SYSTEM32\ntmarta.dll

dbghelp: loaded successfully - version: 4.0.5 - missing functions: none
symbol engine: initialized successfully - sym options: 0x614 - pdb path: .;C:\Users\Miha\.jdks\corretto-17.0.18\bin;C:\WINDOWS\SYSTEM32;C:\WINDOWS\WinSxS\amd64_microsoft.windows.common-controls_6595b64144ccf1df_6.0.19041.6456_none_60b8a6cb71f64256;C:\Users\Miha\.jdks\corretto-17.0.18\bin\server;C:\Users\Miha\.gradle\native\660c5614fbf4a5f2a75b1949f50a0caf5cd603558e7d8a26e50b933a0cfb79d1\windows-amd64;C:\Users\Miha\.gradle\native\0.2.8\x86_64-windows-gnu

VM Arguments:
jvm_args: --add-opens=java.base/java.lang=ALL-UNNAMED --add-opens=java.base/java.lang.invoke=ALL-UNNAMED --add-opens=java.base/java.util=ALL-UNNAMED --add-opens=java.prefs/java.util.prefs=ALL-UNNAMED --add-exports=jdk.compiler/com.sun.tools.javac.api=ALL-UNNAMED --add-exports=jdk.compiler/com.sun.tools.javac.util=ALL-UNNAMED --add-opens=java.base/java.util=ALL-UNNAMED --add-opens=java.prefs/java.util.prefs=ALL-UNNAMED --add-opens=java.base/java.nio.charset=ALL-UNNAMED --add-opens=java.base/java.net=ALL-UNNAMED --add-opens=java.base/java.util.concurrent=ALL-UNNAMED --add-opens=java.base/java.util.concurrent.atomic=ALL-UNNAMED --add-opens=java.xml/javax.xml.namespace=ALL-UNNAMED --add-opens=java.base/java.time=ALL-UNNAMED -XX:MaxMetaspaceSize=384m -XX:+HeapDumpOnOutOfMemoryError -Xms256m -Xmx512m -Dfile.encoding=UTF-8 -Duser.country=RU -Duser.language=ru -Duser.variant -javaagent:C:\Users\Miha\.gradle\wrapper\dists\gradle-9.4.1-bin\arn2x92ynaizyzdaamcbpbhtj\gradle-9.4.1\lib\agents\gradle-instrumentation-agent-9.4.1.jar 
java_command: org.gradle.launcher.daemon.bootstrap.GradleDaemon 9.4.1
java_class_path (initial): C:\Users\Miha\.gradle\wrapper\dists\gradle-9.4.1-bin\arn2x92ynaizyzdaamcbpbhtj\gradle-9.4.1\lib\gradle-daemon-main-9.4.1.jar
Launcher Type: SUN_STANDARD

[Global flags]
     intx CICompilerCount                          = 3                                         {product} {ergonomic}
   size_t CompressedClassSpaceSize                 = 335544320                                 {product} {ergonomic}
     uint ConcGCThreads                            = 1                                         {product} {ergonomic}
     uint G1ConcRefinementThreads                  = 4                                         {product} {ergonomic}
   size_t G1HeapRegionSize                         = 1048576                                   {product} {ergonomic}
    uintx GCDrainStackTargetSize                   = 64                                        {product} {ergonomic}
     bool HeapDumpOnOutOfMemoryError               = true                                   {manageable} {command line}
   size_t InitialHeapSize                          = 268435456                                 {product} {command line}
   size_t MarkStackSize                            = 4194304                                   {product} {ergonomic}
   size_t MaxHeapSize                              = 536870912                                 {product} {command line}
   size_t MaxMetaspaceSize                         = 402653184                                 {product} {command line}
   size_t MaxNewSize                               = 321912832                                 {product} {ergonomic}
   size_t MinHeapDeltaBytes                        = 1048576                                   {product} {ergonomic}
   size_t MinHeapSize                              = 268435456                                 {product} {command line}
    uintx NonNMethodCodeHeapSize                   = 5832780                                {pd product} {ergonomic}
    uintx NonProfiledCodeHeapSize                  = 122912730                              {pd product} {ergonomic}
    uintx ProfiledCodeHeapSize                     = 122912730                              {pd product} {ergonomic}
    uintx ReservedCodeCacheSize                    = 251658240                              {pd product} {ergonomic}
     bool SegmentedCodeCache                       = true                                      {product} {ergonomic}
   size_t SoftMaxHeapSize                          = 536870912                              {manageable} {ergonomic}
     bool UseCompressedClassPointers               = true                           {product lp64_product} {ergonomic}
     bool UseCompressedOops                        = true                           {product lp64_product} {ergonomic}
     bool UseG1GC                                  = true                                      {product} {ergonomic}
     bool UseLargePagesIndividualAllocation        = false                                  {pd product} {ergonomic}

Logging:
Log output configuration:
 #0: stdout all=warning uptime,level,tags
 #1: stderr all=off uptime,level,tags

Environment Variables:
PATH=C:\Program Files (x86)\Google\Chrome\Application;C:\Program Files (x86)\Intel\iCLS Client\;C:\Program Files\Intel\iCLS Client\;C:\Windows\system32;C:\Windows;C:\Windows\System32\Wbem;C:\Windows\System32\WindowsPowerShell\v1.0\;C:\Program Files (x86)\Intel\Intel(R) Management Engine Components\DAL;C:\Program Files\Intel\Intel(R) Management Engine Components\DAL;C:\Program Files (x86)\Intel\Intel(R) Management Engine Components\IPT;C:\Program Files\Intel\Intel(R) Management Engine Components\IPT;C:\Program Files (x86)\NVIDIA Corporation\PhysX\Common;C:\Program Files (x86)\dotnet\;C:\WINDOWS\system32;C:\WINDOWS;C:\WINDOWS\System32\Wbem;C:\WINDOWS\System32\WindowsPowerShell\v1.0\;C:\WINDOWS\System32\OpenSSH\;C:\Program Files\NVIDIA Corporation\NVIDIA app\NvDLISR;C:\Program Files\Git\cmd;C:\Users\Miha\AppData\Local\Microsoft\WindowsApps;
USERNAME=Miha
OS=Windows_NT
PROCESSOR_IDENTIFIER=Intel64 Family 6 Model 94 Stepping 3, GenuineIntel
TMP=C:\Users\Miha\AppData\Local\Temp
TEMP=C:\Users\Miha\AppData\Local\Temp



Periodic native trim disabled


---------------  S Y S T E M  ---------------

OS:
 Windows 10 , 64 bit Build 19041 (10.0.19041.5915)
OS uptime: 2 days 19:25 hours

CPU: total 4 (initial active 4) (4 cores per cpu, 1 threads per core) family 6 model 94 stepping 3 microcode 0xcc, cx8, cmov, fxsr, mmx, 3dnowpref, sse, sse2, sse3, ssse3, sse4.1, sse4.2, popcnt, lzcnt, tsc, tscinvbit, avx, avx2, aes, erms, clmul, bmi1, bmi2, rtm, adx, fma, vzeroupper, clflush, clflushopt
Processor Information for all 4 processors :
  Max Mhz: 3301, Current Mhz: 3301, Mhz Limit: 3301

Memory: 4k page, system-wide physical 16307M (3607M free)
TotalPageFile size 41226M (AvailPageFile size 5M)
current process WorkingSet (physical memory assigned to process): 454M, peak: 456M
current process commit charge ("private bytes"): 506M, peak: 509M

vm_info: OpenJDK 64-Bit Server VM (17.0.18+9-LTS) for windows-amd64 JRE (17.0.18+9-LTS), built on Jan 27 2026 22:38:43 by "Administrator" with MS VC++ 17.14 (VS2022)

END.
